[0.509s] Invoking command in '/home/camilo/Proyecto_ws/src/galletas_classifier': CONDA_PROMPT_MODIFIER=(base) PYTHONPATH=/home/camilo/Proyecto_ws/build/galletas_classifier/prefix_override:/home/camilo/Proyecto_ws/install/galletas_classifier/lib/python3.10/site-packages:${PYTHONPATH} /usr/bin/python3 -W ignore:setup.py install is deprecated setup.py egg_info --egg-base ../../build/galletas_classifier build --build-base /home/camilo/Proyecto_ws/build/galletas_classifier/build install --record /home/camilo/Proyecto_ws/build/galletas_classifier/install.log --single-version-externally-managed
[0.711s] running egg_info
[0.712s] writing ../../build/galletas_classifier/galletas_classifier.egg-info/PKG-INFO
[0.712s] writing dependency_links to ../../build/galletas_classifier/galletas_classifier.egg-info/dependency_links.txt
[0.712s] writing entry points to ../../build/galletas_classifier/galletas_classifier.egg-info/entry_points.txt
[0.712s] writing requirements to ../../build/galletas_classifier/galletas_classifier.egg-info/requires.txt
[0.712s] writing top-level names to ../../build/galletas_classifier/galletas_classifier.egg-info/top_level.txt
[0.714s] reading manifest file '../../build/galletas_classifier/galletas_classifier.egg-info/SOURCES.txt'
[0.714s] writing manifest file '../../build/galletas_classifier/galletas_classifier.egg-info/SOURCES.txt'
[0.714s] running build
[0.715s] running build_py
[0.715s] copying galletas_classifier/webcam_pub.py -> /home/camilo/Proyecto_ws/build/galletas_classifier/build/lib/galletas_classifier
[0.715s] running install
[0.715s] running install_lib
[0.716s] copying /home/camilo/Proyecto_ws/build/galletas_classifier/build/lib/galletas_classifier/webcam_pub.py -> /home/camilo/Proyecto_ws/install/galletas_classifier/lib/python3.10/site-packages/galletas_classifier
[0.716s] byte-compiling /home/camilo/Proyecto_ws/install/galletas_classifier/lib/python3.10/site-packages/galletas_classifier/webcam_pub.py to webcam_pub.cpython-310.pyc
[0.717s] running install_egg_info
[0.718s] removing '/home/camilo/Proyecto_ws/install/galletas_classifier/lib/python3.10/site-packages/galletas_classifier-0.0.0-py3.10.egg-info' (and everything under it)
[0.718s] Copying ../../build/galletas_classifier/galletas_classifier.egg-info to /home/camilo/Proyecto_ws/install/galletas_classifier/lib/python3.10/site-packages/galletas_classifier-0.0.0-py3.10.egg-info
[0.719s] running install_scripts
[0.736s] Installing classification_sub script to /home/camilo/Proyecto_ws/install/galletas_classifier/lib/galletas_classifier
[0.736s] Installing display_sub script to /home/camilo/Proyecto_ws/install/galletas_classifier/lib/galletas_classifier
[0.736s] Installing webcam_pub script to /home/camilo/Proyecto_ws/install/galletas_classifier/lib/galletas_classifier
[0.736s] writing list of installed files to '/home/camilo/Proyecto_ws/build/galletas_classifier/install.log'
[0.755s] Invoked command in '/home/camilo/Proyecto_ws/src/galletas_classifier' returned '0': CONDA_PROMPT_MODIFIER=(base) PYTHONPATH=/home/camilo/Proyecto_ws/build/galletas_classifier/prefix_override:/home/camilo/Proyecto_ws/install/galletas_classifier/lib/python3.10/site-packages:${PYTHONPATH} /usr/bin/python3 -W ignore:setup.py install is deprecated setup.py egg_info --egg-base ../../build/galletas_classifier build --build-base /home/camilo/Proyecto_ws/build/galletas_classifier/build install --record /home/camilo/Proyecto_ws/build/galletas_classifier/install.log --single-version-externally-managed
