[0.247s] DEBUG:colcon:Command line arguments: ['/usr/bin/colcon', 'build', '--symlink-install']
[0.247s] DEBUG:colcon:Parsed command line arguments: Namespace(log_base=None, log_level=None, verb_name='build', build_base='build', install_base='install', merge_install=False, symlink_install=True, test_result_base=None, continue_on_error=False, executor='parallel', parallel_workers=8, event_handlers=None, ignore_user_meta=False, metas=['./colcon.meta'], base_paths=['.'], packages_ignore=None, packages_ignore_regex=None, paths=None, packages_up_to=None, packages_up_to_regex=None, packages_above=None, packages_above_and_dependencies=None, packages_above_depth=None, packages_select_by_dep=None, packages_skip_by_dep=None, packages_skip_up_to=None, packages_select_build_failed=False, packages_skip_build_finished=False, packages_select_test_failures=False, packages_skip_test_passed=False, packages_select=None, packages_skip=None, packages_select_regex=None, packages_skip_regex=None, packages_start=None, packages_end=None, allow_overriding=[], cmake_args=None, cmake_target=None, cmake_target_skip_unavailable=False, cmake_clean_cache=False, cmake_clean_first=False, cmake_force_configure=False, ament_cmake_args=None, catkin_cmake_args=None, catkin_skip_building_tests=False, mixin_files=None, mixin=None, verb_parser=<colcon_mixin.mixin.mixin_argument.MixinArgumentDecorator object at 0x70ac6ba2e560>, verb_extension=<colcon_core.verb.build.BuildVerb object at 0x70ac6ba2df90>, main=<bound method BuildVerb.main of <colcon_core.verb.build.BuildVerb object at 0x70ac6ba2df90>>, mixin_verb=('build',))
[0.467s] Level 1:colcon.colcon_core.package_discovery:discover_packages(colcon_meta) check parameters
[0.467s] Level 1:colcon.colcon_core.package_discovery:discover_packages(recursive) check parameters
[0.467s] Level 1:colcon.colcon_core.package_discovery:discover_packages(ignore) check parameters
[0.467s] Level 1:colcon.colcon_core.package_discovery:discover_packages(path) check parameters
[0.467s] Level 1:colcon.colcon_core.package_discovery:discover_packages(colcon_meta) discover
[0.467s] Level 1:colcon.colcon_core.package_discovery:discover_packages(recursive) discover
[0.467s] INFO:colcon.colcon_core.package_discovery:Crawling recursively for packages in '/home/camilo/Proyecto_ws'
[0.467s] Level 1:colcon.colcon_core.package_identification:_identify(.) by extensions ['ignore', 'ignore_ament_install']
[0.467s] Level 1:colcon.colcon_core.package_identification:_identify(.) by extension 'ignore'
[0.467s] Level 1:colcon.colcon_core.package_identification:_identify(.) by extension 'ignore_ament_install'
[0.467s] Level 1:colcon.colcon_core.package_identification:_identify(.) by extensions ['colcon_pkg']
[0.468s] Level 1:colcon.colcon_core.package_identification:_identify(.) by extension 'colcon_pkg'
[0.468s] Level 1:colcon.colcon_core.package_identification:_identify(.) by extensions ['colcon_meta']
[0.468s] Level 1:colcon.colcon_core.package_identification:_identify(.) by extension 'colcon_meta'
[0.468s] Level 1:colcon.colcon_core.package_identification:_identify(.) by extensions ['ros']
[0.468s] Level 1:colcon.colcon_core.package_identification:_identify(.) by extension 'ros'
[0.478s] Level 1:colcon.colcon_core.package_identification:_identify(.) by extensions ['cmake', 'python']
[0.478s] Level 1:colcon.colcon_core.package_identification:_identify(.) by extension 'cmake'
[0.478s] Level 1:colcon.colcon_core.package_identification:_identify(.) by extension 'python'
[0.478s] Level 1:colcon.colcon_core.package_identification:_identify(.) by extensions ['python_setup_py']
[0.478s] Level 1:colcon.colcon_core.package_identification:_identify(.) by extension 'python_setup_py'
[0.478s] Level 1:colcon.colcon_core.package_identification:_identify(build) by extensions ['ignore', 'ignore_ament_install']
[0.478s] Level 1:colcon.colcon_core.package_identification:_identify(build) by extension 'ignore'
[0.478s] Level 1:colcon.colcon_core.package_identification:_identify(build) ignored
[0.478s] Level 1:colcon.colcon_core.package_identification:_identify(install) by extensions ['ignore', 'ignore_ament_install']
[0.478s] Level 1:colcon.colcon_core.package_identification:_identify(install) by extension 'ignore'
[0.478s] Level 1:colcon.colcon_core.package_identification:_identify(install) ignored
[0.478s] Level 1:colcon.colcon_core.package_identification:_identify(log) by extensions ['ignore', 'ignore_ament_install']
[0.478s] Level 1:colcon.colcon_core.package_identification:_identify(log) by extension 'ignore'
[0.478s] Level 1:colcon.colcon_core.package_identification:_identify(log) ignored
[0.478s] Level 1:colcon.colcon_core.package_identification:_identify(runs) by extensions ['ignore', 'ignore_ament_install']
[0.479s] Level 1:colcon.colcon_core.package_identification:_identify(runs) by extension 'ignore'
[0.479s] Level 1:colcon.colcon_core.package_identification:_identify(runs) by extension 'ignore_ament_install'
[0.479s] Level 1:colcon.colcon_core.package_identification:_identify(runs) by extensions ['colcon_pkg']
[0.479s] Level 1:colcon.colcon_core.package_identification:_identify(runs) by extension 'colcon_pkg'
[0.479s] Level 1:colcon.colcon_core.package_identification:_identify(runs) by extensions ['colcon_meta']
[0.479s] Level 1:colcon.colcon_core.package_identification:_identify(runs) by extension 'colcon_meta'
[0.479s] Level 1:colcon.colcon_core.package_identification:_identify(runs) by extensions ['ros']
[0.479s] Level 1:colcon.colcon_core.package_identification:_identify(runs) by extension 'ros'
[0.479s] Level 1:colcon.colcon_core.package_identification:_identify(runs) by extensions ['cmake', 'python']
[0.479s] Level 1:colcon.colcon_core.package_identification:_identify(runs) by extension 'cmake'
[0.479s] Level 1:colcon.colcon_core.package_identification:_identify(runs) by extension 'python'
[0.479s] Level 1:colcon.colcon_core.package_identification:_identify(runs) by extensions ['python_setup_py']
[0.479s] Level 1:colcon.colcon_core.package_identification:_identify(runs) by extension 'python_setup_py'
[0.479s] Level 1:colcon.colcon_core.package_identification:_identify(runs/detect) by extensions ['ignore', 'ignore_ament_install']
[0.479s] Level 1:colcon.colcon_core.package_identification:_identify(runs/detect) by extension 'ignore'
[0.479s] Level 1:colcon.colcon_core.package_identification:_identify(runs/detect) by extension 'ignore_ament_install'
[0.479s] Level 1:colcon.colcon_core.package_identification:_identify(runs/detect) by extensions ['colcon_pkg']
[0.479s] Level 1:colcon.colcon_core.package_identification:_identify(runs/detect) by extension 'colcon_pkg'
[0.479s] Level 1:colcon.colcon_core.package_identification:_identify(runs/detect) by extensions ['colcon_meta']
[0.479s] Level 1:colcon.colcon_core.package_identification:_identify(runs/detect) by extension 'colcon_meta'
[0.479s] Level 1:colcon.colcon_core.package_identification:_identify(runs/detect) by extensions ['ros']
[0.479s] Level 1:colcon.colcon_core.package_identification:_identify(runs/detect) by extension 'ros'
[0.479s] Level 1:colcon.colcon_core.package_identification:_identify(runs/detect) by extensions ['cmake', 'python']
[0.480s] Level 1:colcon.colcon_core.package_identification:_identify(runs/detect) by extension 'cmake'
[0.480s] Level 1:colcon.colcon_core.package_identification:_identify(runs/detect) by extension 'python'
[0.480s] Level 1:colcon.colcon_core.package_identification:_identify(runs/detect) by extensions ['python_setup_py']
[0.480s] Level 1:colcon.colcon_core.package_identification:_identify(runs/detect) by extension 'python_setup_py'
[0.480s] Level 1:colcon.colcon_core.package_identification:_identify(runs/detect/predict) by extensions ['ignore', 'ignore_ament_install']
[0.480s] Level 1:colcon.colcon_core.package_identification:_identify(runs/detect/predict) by extension 'ignore'
[0.480s] Level 1:colcon.colcon_core.package_identification:_identify(runs/detect/predict) by extension 'ignore_ament_install'
[0.480s] Level 1:colcon.colcon_core.package_identification:_identify(runs/detect/predict) by extensions ['colcon_pkg']
[0.480s] Level 1:colcon.colcon_core.package_identification:_identify(runs/detect/predict) by extension 'colcon_pkg'
[0.480s] Level 1:colcon.colcon_core.package_identification:_identify(runs/detect/predict) by extensions ['colcon_meta']
[0.480s] Level 1:colcon.colcon_core.package_identification:_identify(runs/detect/predict) by extension 'colcon_meta'
[0.480s] Level 1:colcon.colcon_core.package_identification:_identify(runs/detect/predict) by extensions ['ros']
[0.480s] Level 1:colcon.colcon_core.package_identification:_identify(runs/detect/predict) by extension 'ros'
[0.480s] Level 1:colcon.colcon_core.package_identification:_identify(runs/detect/predict) by extensions ['cmake', 'python']
[0.480s] Level 1:colcon.colcon_core.package_identification:_identify(runs/detect/predict) by extension 'cmake'
[0.480s] Level 1:colcon.colcon_core.package_identification:_identify(runs/detect/predict) by extension 'python'
[0.480s] Level 1:colcon.colcon_core.package_identification:_identify(runs/detect/predict) by extensions ['python_setup_py']
[0.480s] Level 1:colcon.colcon_core.package_identification:_identify(runs/detect/predict) by extension 'python_setup_py'
[0.480s] Level 1:colcon.colcon_core.package_identification:_identify(runs/detect/predict10) by extensions ['ignore', 'ignore_ament_install']
[0.480s] Level 1:colcon.colcon_core.package_identification:_identify(runs/detect/predict10) by extension 'ignore'
[0.481s] Level 1:colcon.colcon_core.package_identification:_identify(runs/detect/predict10) by extension 'ignore_ament_install'
[0.481s] Level 1:colcon.colcon_core.package_identification:_identify(runs/detect/predict10) by extensions ['colcon_pkg']
[0.481s] Level 1:colcon.colcon_core.package_identification:_identify(runs/detect/predict10) by extension 'colcon_pkg'
[0.481s] Level 1:colcon.colcon_core.package_identification:_identify(runs/detect/predict10) by extensions ['colcon_meta']
[0.481s] Level 1:colcon.colcon_core.package_identification:_identify(runs/detect/predict10) by extension 'colcon_meta'
[0.481s] Level 1:colcon.colcon_core.package_identification:_identify(runs/detect/predict10) by extensions ['ros']
[0.481s] Level 1:colcon.colcon_core.package_identification:_identify(runs/detect/predict10) by extension 'ros'
[0.481s] Level 1:colcon.colcon_core.package_identification:_identify(runs/detect/predict10) by extensions ['cmake', 'python']
[0.481s] Level 1:colcon.colcon_core.package_identification:_identify(runs/detect/predict10) by extension 'cmake'
[0.481s] Level 1:colcon.colcon_core.package_identification:_identify(runs/detect/predict10) by extension 'python'
[0.481s] Level 1:colcon.colcon_core.package_identification:_identify(runs/detect/predict10) by extensions ['python_setup_py']
[0.481s] Level 1:colcon.colcon_core.package_identification:_identify(runs/detect/predict10) by extension 'python_setup_py'
[0.481s] Level 1:colcon.colcon_core.package_identification:_identify(runs/detect/predict11) by extensions ['ignore', 'ignore_ament_install']
[0.481s] Level 1:colcon.colcon_core.package_identification:_identify(runs/detect/predict11) by extension 'ignore'
[0.481s] Level 1:colcon.colcon_core.package_identification:_identify(runs/detect/predict11) by extension 'ignore_ament_install'
[0.481s] Level 1:colcon.colcon_core.package_identification:_identify(runs/detect/predict11) by extensions ['colcon_pkg']
[0.481s] Level 1:colcon.colcon_core.package_identification:_identify(runs/detect/predict11) by extension 'colcon_pkg'
[0.481s] Level 1:colcon.colcon_core.package_identification:_identify(runs/detect/predict11) by extensions ['colcon_meta']
[0.481s] Level 1:colcon.colcon_core.package_identification:_identify(runs/detect/predict11) by extension 'colcon_meta'
[0.481s] Level 1:colcon.colcon_core.package_identification:_identify(runs/detect/predict11) by extensions ['ros']
[0.481s] Level 1:colcon.colcon_core.package_identification:_identify(runs/detect/predict11) by extension 'ros'
[0.481s] Level 1:colcon.colcon_core.package_identification:_identify(runs/detect/predict11) by extensions ['cmake', 'python']
[0.481s] Level 1:colcon.colcon_core.package_identification:_identify(runs/detect/predict11) by extension 'cmake'
[0.481s] Level 1:colcon.colcon_core.package_identification:_identify(runs/detect/predict11) by extension 'python'
[0.482s] Level 1:colcon.colcon_core.package_identification:_identify(runs/detect/predict11) by extensions ['python_setup_py']
[0.482s] Level 1:colcon.colcon_core.package_identification:_identify(runs/detect/predict11) by extension 'python_setup_py'
[0.482s] Level 1:colcon.colcon_core.package_identification:_identify(runs/detect/predict12) by extensions ['ignore', 'ignore_ament_install']
[0.482s] Level 1:colcon.colcon_core.package_identification:_identify(runs/detect/predict12) by extension 'ignore'
[0.482s] Level 1:colcon.colcon_core.package_identification:_identify(runs/detect/predict12) by extension 'ignore_ament_install'
[0.482s] Level 1:colcon.colcon_core.package_identification:_identify(runs/detect/predict12) by extensions ['colcon_pkg']
[0.482s] Level 1:colcon.colcon_core.package_identification:_identify(runs/detect/predict12) by extension 'colcon_pkg'
[0.482s] Level 1:colcon.colcon_core.package_identification:_identify(runs/detect/predict12) by extensions ['colcon_meta']
[0.482s] Level 1:colcon.colcon_core.package_identification:_identify(runs/detect/predict12) by extension 'colcon_meta'
[0.482s] Level 1:colcon.colcon_core.package_identification:_identify(runs/detect/predict12) by extensions ['ros']
[0.482s] Level 1:colcon.colcon_core.package_identification:_identify(runs/detect/predict12) by extension 'ros'
[0.482s] Level 1:colcon.colcon_core.package_identification:_identify(runs/detect/predict12) by extensions ['cmake', 'python']
[0.482s] Level 1:colcon.colcon_core.package_identification:_identify(runs/detect/predict12) by extension 'cmake'
[0.482s] Level 1:colcon.colcon_core.package_identification:_identify(runs/detect/predict12) by extension 'python'
[0.482s] Level 1:colcon.colcon_core.package_identification:_identify(runs/detect/predict12) by extensions ['python_setup_py']
[0.482s] Level 1:colcon.colcon_core.package_identification:_identify(runs/detect/predict12) by extension 'python_setup_py'
[0.482s] Level 1:colcon.colcon_core.package_identification:_identify(runs/detect/predict13) by extensions ['ignore', 'ignore_ament_install']
[0.483s] Level 1:colcon.colcon_core.package_identification:_identify(runs/detect/predict13) by extension 'ignore'
[0.483s] Level 1:colcon.colcon_core.package_identification:_identify(runs/detect/predict13) by extension 'ignore_ament_install'
[0.483s] Level 1:colcon.colcon_core.package_identification:_identify(runs/detect/predict13) by extensions ['colcon_pkg']
[0.483s] Level 1:colcon.colcon_core.package_identification:_identify(runs/detect/predict13) by extension 'colcon_pkg'
[0.483s] Level 1:colcon.colcon_core.package_identification:_identify(runs/detect/predict13) by extensions ['colcon_meta']
[0.483s] Level 1:colcon.colcon_core.package_identification:_identify(runs/detect/predict13) by extension 'colcon_meta'
[0.483s] Level 1:colcon.colcon_core.package_identification:_identify(runs/detect/predict13) by extensions ['ros']
[0.483s] Level 1:colcon.colcon_core.package_identification:_identify(runs/detect/predict13) by extension 'ros'
[0.483s] Level 1:colcon.colcon_core.package_identification:_identify(runs/detect/predict13) by extensions ['cmake', 'python']
[0.483s] Level 1:colcon.colcon_core.package_identification:_identify(runs/detect/predict13) by extension 'cmake'
[0.483s] Level 1:colcon.colcon_core.package_identification:_identify(runs/detect/predict13) by extension 'python'
[0.483s] Level 1:colcon.colcon_core.package_identification:_identify(runs/detect/predict13) by extensions ['python_setup_py']
[0.483s] Level 1:colcon.colcon_core.package_identification:_identify(runs/detect/predict13) by extension 'python_setup_py'
[0.483s] Level 1:colcon.colcon_core.package_identification:_identify(runs/detect/predict14) by extensions ['ignore', 'ignore_ament_install']
[0.483s] Level 1:colcon.colcon_core.package_identification:_identify(runs/detect/predict14) by extension 'ignore'
[0.483s] Level 1:colcon.colcon_core.package_identification:_identify(runs/detect/predict14) by extension 'ignore_ament_install'
[0.483s] Level 1:colcon.colcon_core.package_identification:_identify(runs/detect/predict14) by extensions ['colcon_pkg']
[0.483s] Level 1:colcon.colcon_core.package_identification:_identify(runs/detect/predict14) by extension 'colcon_pkg'
[0.483s] Level 1:colcon.colcon_core.package_identification:_identify(runs/detect/predict14) by extensions ['colcon_meta']
[0.483s] Level 1:colcon.colcon_core.package_identification:_identify(runs/detect/predict14) by extension 'colcon_meta'
[0.483s] Level 1:colcon.colcon_core.package_identification:_identify(runs/detect/predict14) by extensions ['ros']
[0.483s] Level 1:colcon.colcon_core.package_identification:_identify(runs/detect/predict14) by extension 'ros'
[0.483s] Level 1:colcon.colcon_core.package_identification:_identify(runs/detect/predict14) by extensions ['cmake', 'python']
[0.484s] Level 1:colcon.colcon_core.package_identification:_identify(runs/detect/predict14) by extension 'cmake'
[0.484s] Level 1:colcon.colcon_core.package_identification:_identify(runs/detect/predict14) by extension 'python'
[0.484s] Level 1:colcon.colcon_core.package_identification:_identify(runs/detect/predict14) by extensions ['python_setup_py']
[0.484s] Level 1:colcon.colcon_core.package_identification:_identify(runs/detect/predict14) by extension 'python_setup_py'
[0.484s] Level 1:colcon.colcon_core.package_identification:_identify(runs/detect/predict2) by extensions ['ignore', 'ignore_ament_install']
[0.484s] Level 1:colcon.colcon_core.package_identification:_identify(runs/detect/predict2) by extension 'ignore'
[0.484s] Level 1:colcon.colcon_core.package_identification:_identify(runs/detect/predict2) by extension 'ignore_ament_install'
[0.484s] Level 1:colcon.colcon_core.package_identification:_identify(runs/detect/predict2) by extensions ['colcon_pkg']
[0.484s] Level 1:colcon.colcon_core.package_identification:_identify(runs/detect/predict2) by extension 'colcon_pkg'
[0.484s] Level 1:colcon.colcon_core.package_identification:_identify(runs/detect/predict2) by extensions ['colcon_meta']
[0.484s] Level 1:colcon.colcon_core.package_identification:_identify(runs/detect/predict2) by extension 'colcon_meta'
[0.484s] Level 1:colcon.colcon_core.package_identification:_identify(runs/detect/predict2) by extensions ['ros']
[0.484s] Level 1:colcon.colcon_core.package_identification:_identify(runs/detect/predict2) by extension 'ros'
[0.484s] Level 1:colcon.colcon_core.package_identification:_identify(runs/detect/predict2) by extensions ['cmake', 'python']
[0.484s] Level 1:colcon.colcon_core.package_identification:_identify(runs/detect/predict2) by extension 'cmake'
[0.484s] Level 1:colcon.colcon_core.package_identification:_identify(runs/detect/predict2) by extension 'python'
[0.484s] Level 1:colcon.colcon_core.package_identification:_identify(runs/detect/predict2) by extensions ['python_setup_py']
[0.484s] Level 1:colcon.colcon_core.package_identification:_identify(runs/detect/predict2) by extension 'python_setup_py'
[0.484s] Level 1:colcon.colcon_core.package_identification:_identify(runs/detect/predict3) by extensions ['ignore', 'ignore_ament_install']
[0.484s] Level 1:colcon.colcon_core.package_identification:_identify(runs/detect/predict3) by extension 'ignore'
[0.485s] Level 1:colcon.colcon_core.package_identification:_identify(runs/detect/predict3) by extension 'ignore_ament_install'
[0.485s] Level 1:colcon.colcon_core.package_identification:_identify(runs/detect/predict3) by extensions ['colcon_pkg']
[0.485s] Level 1:colcon.colcon_core.package_identification:_identify(runs/detect/predict3) by extension 'colcon_pkg'
[0.485s] Level 1:colcon.colcon_core.package_identification:_identify(runs/detect/predict3) by extensions ['colcon_meta']
[0.485s] Level 1:colcon.colcon_core.package_identification:_identify(runs/detect/predict3) by extension 'colcon_meta'
[0.485s] Level 1:colcon.colcon_core.package_identification:_identify(runs/detect/predict3) by extensions ['ros']
[0.485s] Level 1:colcon.colcon_core.package_identification:_identify(runs/detect/predict3) by extension 'ros'
[0.485s] Level 1:colcon.colcon_core.package_identification:_identify(runs/detect/predict3) by extensions ['cmake', 'python']
[0.485s] Level 1:colcon.colcon_core.package_identification:_identify(runs/detect/predict3) by extension 'cmake'
[0.485s] Level 1:colcon.colcon_core.package_identification:_identify(runs/detect/predict3) by extension 'python'
[0.485s] Level 1:colcon.colcon_core.package_identification:_identify(runs/detect/predict3) by extensions ['python_setup_py']
[0.485s] Level 1:colcon.colcon_core.package_identification:_identify(runs/detect/predict3) by extension 'python_setup_py'
[0.485s] Level 1:colcon.colcon_core.package_identification:_identify(runs/detect/predict4) by extensions ['ignore', 'ignore_ament_install']
[0.485s] Level 1:colcon.colcon_core.package_identification:_identify(runs/detect/predict4) by extension 'ignore'
[0.485s] Level 1:colcon.colcon_core.package_identification:_identify(runs/detect/predict4) by extension 'ignore_ament_install'
[0.485s] Level 1:colcon.colcon_core.package_identification:_identify(runs/detect/predict4) by extensions ['colcon_pkg']
[0.485s] Level 1:colcon.colcon_core.package_identification:_identify(runs/detect/predict4) by extension 'colcon_pkg'
[0.485s] Level 1:colcon.colcon_core.package_identification:_identify(runs/detect/predict4) by extensions ['colcon_meta']
[0.485s] Level 1:colcon.colcon_core.package_identification:_identify(runs/detect/predict4) by extension 'colcon_meta'
[0.485s] Level 1:colcon.colcon_core.package_identification:_identify(runs/detect/predict4) by extensions ['ros']
[0.485s] Level 1:colcon.colcon_core.package_identification:_identify(runs/detect/predict4) by extension 'ros'
[0.485s] Level 1:colcon.colcon_core.package_identification:_identify(runs/detect/predict4) by extensions ['cmake', 'python']
[0.485s] Level 1:colcon.colcon_core.package_identification:_identify(runs/detect/predict4) by extension 'cmake'
[0.485s] Level 1:colcon.colcon_core.package_identification:_identify(runs/detect/predict4) by extension 'python'
[0.486s] Level 1:colcon.colcon_core.package_identification:_identify(runs/detect/predict4) by extensions ['python_setup_py']
[0.486s] Level 1:colcon.colcon_core.package_identification:_identify(runs/detect/predict4) by extension 'python_setup_py'
[0.486s] Level 1:colcon.colcon_core.package_identification:_identify(runs/detect/predict5) by extensions ['ignore', 'ignore_ament_install']
[0.486s] Level 1:colcon.colcon_core.package_identification:_identify(runs/detect/predict5) by extension 'ignore'
[0.486s] Level 1:colcon.colcon_core.package_identification:_identify(runs/detect/predict5) by extension 'ignore_ament_install'
[0.486s] Level 1:colcon.colcon_core.package_identification:_identify(runs/detect/predict5) by extensions ['colcon_pkg']
[0.486s] Level 1:colcon.colcon_core.package_identification:_identify(runs/detect/predict5) by extension 'colcon_pkg'
[0.486s] Level 1:colcon.colcon_core.package_identification:_identify(runs/detect/predict5) by extensions ['colcon_meta']
[0.486s] Level 1:colcon.colcon_core.package_identification:_identify(runs/detect/predict5) by extension 'colcon_meta'
[0.486s] Level 1:colcon.colcon_core.package_identification:_identify(runs/detect/predict5) by extensions ['ros']
[0.486s] Level 1:colcon.colcon_core.package_identification:_identify(runs/detect/predict5) by extension 'ros'
[0.486s] Level 1:colcon.colcon_core.package_identification:_identify(runs/detect/predict5) by extensions ['cmake', 'python']
[0.486s] Level 1:colcon.colcon_core.package_identification:_identify(runs/detect/predict5) by extension 'cmake'
[0.486s] Level 1:colcon.colcon_core.package_identification:_identify(runs/detect/predict5) by extension 'python'
[0.486s] Level 1:colcon.colcon_core.package_identification:_identify(runs/detect/predict5) by extensions ['python_setup_py']
[0.486s] Level 1:colcon.colcon_core.package_identification:_identify(runs/detect/predict5) by extension 'python_setup_py'
[0.486s] Level 1:colcon.colcon_core.package_identification:_identify(runs/detect/predict6) by extensions ['ignore', 'ignore_ament_install']
[0.486s] Level 1:colcon.colcon_core.package_identification:_identify(runs/detect/predict6) by extension 'ignore'
[0.486s] Level 1:colcon.colcon_core.package_identification:_identify(runs/detect/predict6) by extension 'ignore_ament_install'
[0.487s] Level 1:colcon.colcon_core.package_identification:_identify(runs/detect/predict6) by extensions ['colcon_pkg']
[0.487s] Level 1:colcon.colcon_core.package_identification:_identify(runs/detect/predict6) by extension 'colcon_pkg'
[0.487s] Level 1:colcon.colcon_core.package_identification:_identify(runs/detect/predict6) by extensions ['colcon_meta']
[0.487s] Level 1:colcon.colcon_core.package_identification:_identify(runs/detect/predict6) by extension 'colcon_meta'
[0.487s] Level 1:colcon.colcon_core.package_identification:_identify(runs/detect/predict6) by extensions ['ros']
[0.487s] Level 1:colcon.colcon_core.package_identification:_identify(runs/detect/predict6) by extension 'ros'
[0.487s] Level 1:colcon.colcon_core.package_identification:_identify(runs/detect/predict6) by extensions ['cmake', 'python']
[0.487s] Level 1:colcon.colcon_core.package_identification:_identify(runs/detect/predict6) by extension 'cmake'
[0.487s] Level 1:colcon.colcon_core.package_identification:_identify(runs/detect/predict6) by extension 'python'
[0.487s] Level 1:colcon.colcon_core.package_identification:_identify(runs/detect/predict6) by extensions ['python_setup_py']
[0.487s] Level 1:colcon.colcon_core.package_identification:_identify(runs/detect/predict6) by extension 'python_setup_py'
[0.487s] Level 1:colcon.colcon_core.package_identification:_identify(runs/detect/predict7) by extensions ['ignore', 'ignore_ament_install']
[0.487s] Level 1:colcon.colcon_core.package_identification:_identify(runs/detect/predict7) by extension 'ignore'
[0.487s] Level 1:colcon.colcon_core.package_identification:_identify(runs/detect/predict7) by extension 'ignore_ament_install'
[0.487s] Level 1:colcon.colcon_core.package_identification:_identify(runs/detect/predict7) by extensions ['colcon_pkg']
[0.487s] Level 1:colcon.colcon_core.package_identification:_identify(runs/detect/predict7) by extension 'colcon_pkg'
[0.487s] Level 1:colcon.colcon_core.package_identification:_identify(runs/detect/predict7) by extensions ['colcon_meta']
[0.487s] Level 1:colcon.colcon_core.package_identification:_identify(runs/detect/predict7) by extension 'colcon_meta'
[0.487s] Level 1:colcon.colcon_core.package_identification:_identify(runs/detect/predict7) by extensions ['ros']
[0.487s] Level 1:colcon.colcon_core.package_identification:_identify(runs/detect/predict7) by extension 'ros'
[0.487s] Level 1:colcon.colcon_core.package_identification:_identify(runs/detect/predict7) by extensions ['cmake', 'python']
[0.487s] Level 1:colcon.colcon_core.package_identification:_identify(runs/detect/predict7) by extension 'cmake'
[0.487s] Level 1:colcon.colcon_core.package_identification:_identify(runs/detect/predict7) by extension 'python'
[0.488s] Level 1:colcon.colcon_core.package_identification:_identify(runs/detect/predict7) by extensions ['python_setup_py']
[0.488s] Level 1:colcon.colcon_core.package_identification:_identify(runs/detect/predict7) by extension 'python_setup_py'
[0.488s] Level 1:colcon.colcon_core.package_identification:_identify(runs/detect/predict8) by extensions ['ignore', 'ignore_ament_install']
[0.488s] Level 1:colcon.colcon_core.package_identification:_identify(runs/detect/predict8) by extension 'ignore'
[0.488s] Level 1:colcon.colcon_core.package_identification:_identify(runs/detect/predict8) by extension 'ignore_ament_install'
[0.488s] Level 1:colcon.colcon_core.package_identification:_identify(runs/detect/predict8) by extensions ['colcon_pkg']
[0.488s] Level 1:colcon.colcon_core.package_identification:_identify(runs/detect/predict8) by extension 'colcon_pkg'
[0.488s] Level 1:colcon.colcon_core.package_identification:_identify(runs/detect/predict8) by extensions ['colcon_meta']
[0.488s] Level 1:colcon.colcon_core.package_identification:_identify(runs/detect/predict8) by extension 'colcon_meta'
[0.488s] Level 1:colcon.colcon_core.package_identification:_identify(runs/detect/predict8) by extensions ['ros']
[0.488s] Level 1:colcon.colcon_core.package_identification:_identify(runs/detect/predict8) by extension 'ros'
[0.488s] Level 1:colcon.colcon_core.package_identification:_identify(runs/detect/predict8) by extensions ['cmake', 'python']
[0.488s] Level 1:colcon.colcon_core.package_identification:_identify(runs/detect/predict8) by extension 'cmake'
[0.488s] Level 1:colcon.colcon_core.package_identification:_identify(runs/detect/predict8) by extension 'python'
[0.488s] Level 1:colcon.colcon_core.package_identification:_identify(runs/detect/predict8) by extensions ['python_setup_py']
[0.488s] Level 1:colcon.colcon_core.package_identification:_identify(runs/detect/predict8) by extension 'python_setup_py'
[0.488s] Level 1:colcon.colcon_core.package_identification:_identify(runs/detect/predict9) by extensions ['ignore', 'ignore_ament_install']
[0.488s] Level 1:colcon.colcon_core.package_identification:_identify(runs/detect/predict9) by extension 'ignore'
[0.488s] Level 1:colcon.colcon_core.package_identification:_identify(runs/detect/predict9) by extension 'ignore_ament_install'
[0.489s] Level 1:colcon.colcon_core.package_identification:_identify(runs/detect/predict9) by extensions ['colcon_pkg']
[0.489s] Level 1:colcon.colcon_core.package_identification:_identify(runs/detect/predict9) by extension 'colcon_pkg'
[0.489s] Level 1:colcon.colcon_core.package_identification:_identify(runs/detect/predict9) by extensions ['colcon_meta']
[0.489s] Level 1:colcon.colcon_core.package_identification:_identify(runs/detect/predict9) by extension 'colcon_meta'
[0.489s] Level 1:colcon.colcon_core.package_identification:_identify(runs/detect/predict9) by extensions ['ros']
[0.489s] Level 1:colcon.colcon_core.package_identification:_identify(runs/detect/predict9) by extension 'ros'
[0.489s] Level 1:colcon.colcon_core.package_identification:_identify(runs/detect/predict9) by extensions ['cmake', 'python']
[0.489s] Level 1:colcon.colcon_core.package_identification:_identify(runs/detect/predict9) by extension 'cmake'
[0.489s] Level 1:colcon.colcon_core.package_identification:_identify(runs/detect/predict9) by extension 'python'
[0.489s] Level 1:colcon.colcon_core.package_identification:_identify(runs/detect/predict9) by extensions ['python_setup_py']
[0.489s] Level 1:colcon.colcon_core.package_identification:_identify(runs/detect/predict9) by extension 'python_setup_py'
[0.489s] Level 1:colcon.colcon_core.package_identification:_identify(src) by extensions ['ignore', 'ignore_ament_install']
[0.489s] Level 1:colcon.colcon_core.package_identification:_identify(src) by extension 'ignore'
[0.489s] Level 1:colcon.colcon_core.package_identification:_identify(src) by extension 'ignore_ament_install'
[0.489s] Level 1:colcon.colcon_core.package_identification:_identify(src) by extensions ['colcon_pkg']
[0.489s] Level 1:colcon.colcon_core.package_identification:_identify(src) by extension 'colcon_pkg'
[0.489s] Level 1:colcon.colcon_core.package_identification:_identify(src) by extensions ['colcon_meta']
[0.489s] Level 1:colcon.colcon_core.package_identification:_identify(src) by extension 'colcon_meta'
[0.489s] Level 1:colcon.colcon_core.package_identification:_identify(src) by extensions ['ros']
[0.489s] Level 1:colcon.colcon_core.package_identification:_identify(src) by extension 'ros'
[0.489s] Level 1:colcon.colcon_core.package_identification:_identify(src) by extensions ['cmake', 'python']
[0.489s] Level 1:colcon.colcon_core.package_identification:_identify(src) by extension 'cmake'
[0.489s] Level 1:colcon.colcon_core.package_identification:_identify(src) by extension 'python'
[0.489s] Level 1:colcon.colcon_core.package_identification:_identify(src) by extensions ['python_setup_py']
[0.490s] Level 1:colcon.colcon_core.package_identification:_identify(src) by extension 'python_setup_py'
[0.490s] Level 1:colcon.colcon_core.package_identification:_identify(src/galletas_classifier) by extensions ['ignore', 'ignore_ament_install']
[0.490s] Level 1:colcon.colcon_core.package_identification:_identify(src/galletas_classifier) by extension 'ignore'
[0.490s] Level 1:colcon.colcon_core.package_identification:_identify(src/galletas_classifier) by extension 'ignore_ament_install'
[0.490s] Level 1:colcon.colcon_core.package_identification:_identify(src/galletas_classifier) by extensions ['colcon_pkg']
[0.490s] Level 1:colcon.colcon_core.package_identification:_identify(src/galletas_classifier) by extension 'colcon_pkg'
[0.490s] Level 1:colcon.colcon_core.package_identification:_identify(src/galletas_classifier) by extensions ['colcon_meta']
[0.490s] Level 1:colcon.colcon_core.package_identification:_identify(src/galletas_classifier) by extension 'colcon_meta'
[0.490s] Level 1:colcon.colcon_core.package_identification:_identify(src/galletas_classifier) by extensions ['ros']
[0.490s] Level 1:colcon.colcon_core.package_identification:_identify(src/galletas_classifier) by extension 'ros'
[0.493s] DEBUG:colcon.colcon_core.package_identification:Package 'src/galletas_classifier' with type 'ros.ament_python' and name 'galletas_classifier'
[0.493s] Level 1:colcon.colcon_core.package_discovery:discover_packages(recursive) using defaults
[0.493s] Level 1:colcon.colcon_core.package_discovery:discover_packages(ignore) discover
[0.493s] Level 1:colcon.colcon_core.package_discovery:discover_packages(ignore) using defaults
[0.493s] Level 1:colcon.colcon_core.package_discovery:discover_packages(path) discover
[0.493s] Level 1:colcon.colcon_core.package_discovery:discover_packages(path) using defaults
[0.527s] Level 1:colcon.colcon_core.package_discovery:discover_packages(prefix_path) check parameters
[0.527s] Level 1:colcon.colcon_core.package_discovery:discover_packages(prefix_path) discover
[0.530s] DEBUG:colcon.colcon_installed_package_information.package_discovery:Found 273 installed packages in /opt/ros/humble
[0.531s] Level 1:colcon.colcon_core.package_discovery:discover_packages(prefix_path) using defaults
[0.561s] Level 5:colcon.colcon_core.verb:set package 'galletas_classifier' build argument 'cmake_args' from command line to 'None'
[0.561s] Level 5:colcon.colcon_core.verb:set package 'galletas_classifier' build argument 'cmake_target' from command line to 'None'
[0.561s] Level 5:colcon.colcon_core.verb:set package 'galletas_classifier' build argument 'cmake_target_skip_unavailable' from command line to 'False'
[0.561s] Level 5:colcon.colcon_core.verb:set package 'galletas_classifier' build argument 'cmake_clean_cache' from command line to 'False'
[0.561s] Level 5:colcon.colcon_core.verb:set package 'galletas_classifier' build argument 'cmake_clean_first' from command line to 'False'
[0.561s] Level 5:colcon.colcon_core.verb:set package 'galletas_classifier' build argument 'cmake_force_configure' from command line to 'False'
[0.561s] Level 5:colcon.colcon_core.verb:set package 'galletas_classifier' build argument 'ament_cmake_args' from command line to 'None'
[0.561s] Level 5:colcon.colcon_core.verb:set package 'galletas_classifier' build argument 'catkin_cmake_args' from command line to 'None'
[0.561s] Level 5:colcon.colcon_core.verb:set package 'galletas_classifier' build argument 'catkin_skip_building_tests' from command line to 'False'
[0.561s] DEBUG:colcon.colcon_core.verb:Building package 'galletas_classifier' with the following arguments: {'ament_cmake_args': None, 'build_base': '/home/camilo/Proyecto_ws/build/galletas_classifier', 'catkin_cmake_args': None, 'catkin_skip_building_tests': False, 'cmake_args': None, 'cmake_clean_cache': False, 'cmake_clean_first': False, 'cmake_force_configure': False, 'cmake_target': None, 'cmake_target_skip_unavailable': False, 'install_base': '/home/camilo/Proyecto_ws/install/galletas_classifier', 'merge_install': False, 'path': '/home/camilo/Proyecto_ws/src/galletas_classifier', 'symlink_install': True, 'test_result_base': None}
[0.561s] INFO:colcon.colcon_core.executor:Executing jobs using 'parallel' executor
[0.562s] DEBUG:colcon.colcon_parallel_executor.executor.parallel:run_until_complete
[0.562s] INFO:colcon.colcon_ros.task.ament_python.build:Building ROS package in '/home/camilo/Proyecto_ws/src/galletas_classifier' with build type 'ament_python'
[0.562s] Level 1:colcon.colcon_core.shell:create_environment_hook('galletas_classifier', 'ament_prefix_path')
[0.567s] INFO:colcon.colcon_core.plugin_system:Skipping extension 'colcon_core.shell.bat': Not used on non-Windows systems
[0.567s] INFO:colcon.colcon_core.shell:Creating environment hook '/home/camilo/Proyecto_ws/install/galletas_classifier/share/galletas_classifier/hook/ament_prefix_path.ps1'
[0.568s] INFO:colcon.colcon_core.shell:Creating environment descriptor '/home/camilo/Proyecto_ws/install/galletas_classifier/share/galletas_classifier/hook/ament_prefix_path.dsv'
[0.568s] INFO:colcon.colcon_core.shell:Creating environment hook '/home/camilo/Proyecto_ws/install/galletas_classifier/share/galletas_classifier/hook/ament_prefix_path.sh'
[0.569s] INFO:colcon.colcon_core.shell:Skip shell extension 'powershell' for command environment: Not usable outside of PowerShell
[0.569s] DEBUG:colcon.colcon_core.shell:Skip shell extension 'dsv' for command environment
[0.804s] WARNING:colcon.colcon_ros.task.ament_python.build:Package 'galletas_classifier' doesn't explicitly install a marker in the package index (colcon-ros currently does it implicitly but that fallback will be removed in the future)
[0.804s] WARNING:colcon.colcon_ros.task.ament_python.build:Package 'galletas_classifier' doesn't explicitly install the 'package.xml' file (colcon-ros currently does it implicitly but that fallback will be removed in the future)
[0.805s] INFO:colcon.colcon_core.task.python.build:Building Python package in '/home/camilo/Proyecto_ws/src/galletas_classifier'
[0.805s] INFO:colcon.colcon_core.shell:Skip shell extension 'powershell' for command environment: Not usable outside of PowerShell
[0.805s] DEBUG:colcon.colcon_core.shell:Skip shell extension 'dsv' for command environment
[1.096s] DEBUG:colcon.colcon_core.event_handler.log_command:Invoking command in '/home/camilo/Proyecto_ws/build/galletas_classifier': PYTHONPATH=/home/camilo/Proyecto_ws/build/galletas_classifier/prefix_override:/home/camilo/Proyecto_ws/install/galletas_classifier/lib/python3.10/site-packages:${PYTHONPATH} /usr/bin/python3 -W ignore:setup.py install is deprecated setup.py develop --editable --build-directory /home/camilo/Proyecto_ws/build/galletas_classifier/build --no-deps
[1.503s] Level 1:colcon.colcon_core.shell:create_environment_hook('galletas_classifier', 'pythonpath_develop')
[1.503s] INFO:colcon.colcon_core.shell:Creating environment hook '/home/camilo/Proyecto_ws/build/galletas_classifier/share/galletas_classifier/hook/pythonpath_develop.ps1'
[1.504s] DEBUG:colcon.colcon_core.event_handler.log_command:Invoked command in '/home/camilo/Proyecto_ws/build/galletas_classifier' returned '0': PYTHONPATH=/home/camilo/Proyecto_ws/build/galletas_classifier/prefix_override:/home/camilo/Proyecto_ws/install/galletas_classifier/lib/python3.10/site-packages:${PYTHONPATH} /usr/bin/python3 -W ignore:setup.py install is deprecated setup.py develop --editable --build-directory /home/camilo/Proyecto_ws/build/galletas_classifier/build --no-deps
[1.504s] INFO:colcon.colcon_core.shell:Creating environment descriptor '/home/camilo/Proyecto_ws/build/galletas_classifier/share/galletas_classifier/hook/pythonpath_develop.dsv'
[1.504s] INFO:colcon.colcon_core.shell:Creating environment hook '/home/camilo/Proyecto_ws/build/galletas_classifier/share/galletas_classifier/hook/pythonpath_develop.sh'
[1.510s] Level 1:colcon.colcon_core.environment:checking '/home/camilo/Proyecto_ws/install/galletas_classifier' for CMake module files
[1.510s] Level 1:colcon.colcon_core.environment:checking '/home/camilo/Proyecto_ws/install/galletas_classifier' for CMake config files
[1.511s] Level 1:colcon.colcon_core.environment:checking '/home/camilo/Proyecto_ws/install/galletas_classifier/lib'
[1.511s] Level 1:colcon.colcon_core.environment:checking '/home/camilo/Proyecto_ws/install/galletas_classifier/bin'
[1.511s] Level 1:colcon.colcon_core.environment:checking '/home/camilo/Proyecto_ws/install/galletas_classifier/lib/pkgconfig/galletas_classifier.pc'
[1.511s] Level 1:colcon.colcon_core.environment:checking '/home/camilo/Proyecto_ws/install/galletas_classifier/lib/python3.10/site-packages'
[1.511s] Level 1:colcon.colcon_core.shell:create_environment_hook('galletas_classifier', 'pythonpath')
[1.511s] INFO:colcon.colcon_core.shell:Creating environment hook '/home/camilo/Proyecto_ws/install/galletas_classifier/share/galletas_classifier/hook/pythonpath.ps1'
[1.512s] INFO:colcon.colcon_core.shell:Creating environment descriptor '/home/camilo/Proyecto_ws/install/galletas_classifier/share/galletas_classifier/hook/pythonpath.dsv'
[1.512s] INFO:colcon.colcon_core.shell:Creating environment hook '/home/camilo/Proyecto_ws/install/galletas_classifier/share/galletas_classifier/hook/pythonpath.sh'
[1.512s] Level 1:colcon.colcon_core.environment:checking '/home/camilo/Proyecto_ws/install/galletas_classifier/bin'
[1.512s] Level 1:colcon.colcon_core.environment:create_environment_scripts_only(galletas_classifier)
[1.512s] INFO:colcon.colcon_core.shell:Creating package script '/home/camilo/Proyecto_ws/install/galletas_classifier/share/galletas_classifier/package.ps1'
[1.513s] INFO:colcon.colcon_core.shell:Creating package descriptor '/home/camilo/Proyecto_ws/install/galletas_classifier/share/galletas_classifier/package.dsv'
[1.514s] INFO:colcon.colcon_core.shell:Creating package script '/home/camilo/Proyecto_ws/install/galletas_classifier/share/galletas_classifier/package.sh'
[1.514s] INFO:colcon.colcon_core.shell:Creating package script '/home/camilo/Proyecto_ws/install/galletas_classifier/share/galletas_classifier/package.bash'
[1.515s] INFO:colcon.colcon_core.shell:Creating package script '/home/camilo/Proyecto_ws/install/galletas_classifier/share/galletas_classifier/package.zsh'
[1.516s] Level 1:colcon.colcon_core.environment:create_file_with_runtime_dependencies(/home/camilo/Proyecto_ws/install/galletas_classifier/share/colcon-core/packages/galletas_classifier)
[1.516s] DEBUG:colcon.colcon_parallel_executor.executor.parallel:closing loop
[1.517s] DEBUG:colcon.colcon_parallel_executor.executor.parallel:loop closed
[1.517s] DEBUG:colcon.colcon_parallel_executor.executor.parallel:run_until_complete finished with '0'
[1.517s] DEBUG:colcon.colcon_core.event_reactor:joining thread
[1.522s] INFO:colcon.colcon_core.plugin_system:Skipping extension 'colcon_notification.desktop_notification.terminal_notifier': Not used on non-Darwin systems
[1.522s] INFO:colcon.colcon_core.plugin_system:Skipping extension 'colcon_notification.desktop_notification.win32': Not used on non-Windows systems
[1.522s] INFO:colcon.colcon_notification.desktop_notification:Sending desktop notification using 'notify2'
[1.534s] DEBUG:colcon.colcon_core.event_reactor:joined thread
[1.534s] INFO:colcon.colcon_core.shell:Creating prefix script '/home/camilo/Proyecto_ws/install/local_setup.ps1'
[1.535s] INFO:colcon.colcon_core.shell:Creating prefix util module '/home/camilo/Proyecto_ws/install/_local_setup_util_ps1.py'
[1.536s] INFO:colcon.colcon_core.shell:Creating prefix chain script '/home/camilo/Proyecto_ws/install/setup.ps1'
[1.537s] INFO:colcon.colcon_core.shell:Creating prefix script '/home/camilo/Proyecto_ws/install/local_setup.sh'
[1.538s] INFO:colcon.colcon_core.shell:Creating prefix util module '/home/camilo/Proyecto_ws/install/_local_setup_util_sh.py'
[1.538s] INFO:colcon.colcon_core.shell:Creating prefix chain script '/home/camilo/Proyecto_ws/install/setup.sh'
[1.539s] INFO:colcon.colcon_core.shell:Creating prefix script '/home/camilo/Proyecto_ws/install/local_setup.bash'
[1.540s] INFO:colcon.colcon_core.shell:Creating prefix chain script '/home/camilo/Proyecto_ws/install/setup.bash'
[1.541s] INFO:colcon.colcon_core.shell:Creating prefix script '/home/camilo/Proyecto_ws/install/local_setup.zsh'
[1.541s] INFO:colcon.colcon_core.shell:Creating prefix chain script '/home/camilo/Proyecto_ws/install/setup.zsh'
