running egg_info
creating ../../build/galletas_classifier/galletas_classifier.egg-info
writing ../../build/galletas_classifier/galletas_classifier.egg-info/PKG-INFO
writing dependency_links to ../../build/galletas_classifier/galletas_classifier.egg-info/dependency_links.txt
writing entry points to ../../build/galletas_classifier/galletas_classifier.egg-info/entry_points.txt
writing requirements to ../../build/galletas_classifier/galletas_classifier.egg-info/requires.txt
writing top-level names to ../../build/galletas_classifier/galletas_classifier.egg-info/top_level.txt
writing manifest file '../../build/galletas_classifier/galletas_classifier.egg-info/SOURCES.txt'
reading manifest file '../../build/galletas_classifier/galletas_classifier.egg-info/SOURCES.txt'
writing manifest file '../../build/galletas_classifier/galletas_classifier.egg-info/SOURCES.txt'
running build
running build_py
creating /home/camilo/Proyecto_ws/build/galletas_classifier/build
creating /home/camilo/Proyecto_ws/build/galletas_classifier/build/lib
creating /home/camilo/Proyecto_ws/build/galletas_classifier/build/lib/galletas_classifier
copying galletas_classifier/__init__.py -> /home/camilo/Proyecto_ws/build/galletas_classifier/build/lib/galletas_classifier
copying galletas_classifier/webcam_pub.py -> /home/camilo/Proyecto_ws/build/galletas_classifier/build/lib/galletas_classifier
copying galletas_classifier/classification_sub.py -> /home/camilo/Proyecto_ws/build/galletas_classifier/build/lib/galletas_classifier
copying galletas_classifier/display_sub.py -> /home/camilo/Proyecto_ws/build/galletas_classifier/build/lib/galletas_classifier
running install
running install_lib
creating /home/camilo/Proyecto_ws/install/galletas_classifier/lib/python3.10/site-packages/galletas_classifier
copying /home/camilo/Proyecto_ws/build/galletas_classifier/build/lib/galletas_classifier/display_sub.py -> /home/camilo/Proyecto_ws/install/galletas_classifier/lib/python3.10/site-packages/galletas_classifier
copying /home/camilo/Proyecto_ws/build/galletas_classifier/build/lib/galletas_classifier/__init__.py -> /home/camilo/Proyecto_ws/install/galletas_classifier/lib/python3.10/site-packages/galletas_classifier
copying /home/camilo/Proyecto_ws/build/galletas_classifier/build/lib/galletas_classifier/webcam_pub.py -> /home/camilo/Proyecto_ws/install/galletas_classifier/lib/python3.10/site-packages/galletas_classifier
copying /home/camilo/Proyecto_ws/build/galletas_classifier/build/lib/galletas_classifier/classification_sub.py -> /home/camilo/Proyecto_ws/install/galletas_classifier/lib/python3.10/site-packages/galletas_classifier
byte-compiling /home/camilo/Proyecto_ws/install/galletas_classifier/lib/python3.10/site-packages/galletas_classifier/display_sub.py to display_sub.cpython-310.pyc
byte-compiling /home/camilo/Proyecto_ws/install/galletas_classifier/lib/python3.10/site-packages/galletas_classifier/__init__.py to __init__.cpython-310.pyc
byte-compiling /home/camilo/Proyecto_ws/install/galletas_classifier/lib/python3.10/site-packages/galletas_classifier/webcam_pub.py to webcam_pub.cpython-310.pyc
byte-compiling /home/camilo/Proyecto_ws/install/galletas_classifier/lib/python3.10/site-packages/galletas_classifier/classification_sub.py to classification_sub.cpython-310.pyc
running install_egg_info
Copying ../../build/galletas_classifier/galletas_classifier.egg-info to /home/camilo/Proyecto_ws/install/galletas_classifier/lib/python3.10/site-packages/galletas_classifier-0.0.0-py3.10.egg-info
running install_scripts
Installing classification_sub script to /home/camilo/Proyecto_ws/install/galletas_classifier/lib/galletas_classifier
Installing display_sub script to /home/camilo/Proyecto_ws/install/galletas_classifier/lib/galletas_classifier
Installing webcam_pub script to /home/camilo/Proyecto_ws/install/galletas_classifier/lib/galletas_classifier
writing list of installed files to '/home/camilo/Proyecto_ws/build/galletas_classifier/install.log'
