[0.582s] Invoking command in '/home/camilo/Proyecto_ws/src/galletas_classifier': PYTHONPATH=/home/camilo/Proyecto_ws/build/galletas_classifier/prefix_override:/home/camilo/Proyecto_ws/install/galletas_classifier/lib/python3.10/site-packages:${PYTHONPATH} /usr/bin/python3 -W ignore:setup.py install is deprecated setup.py egg_info --egg-base ../../build/galletas_classifier build --build-base /home/camilo/Proyecto_ws/build/galletas_classifier/build install --record /home/camilo/Proyecto_ws/build/galletas_classifier/install.log --single-version-externally-managed
[0.804s] running egg_info
[0.805s] writing ../../build/galletas_classifier/galletas_classifier.egg-info/PKG-INFO
[0.805s] writing dependency_links to ../../build/galletas_classifier/galletas_classifier.egg-info/dependency_links.txt
[0.806s] writing entry points to ../../build/galletas_classifier/galletas_classifier.egg-info/entry_points.txt
[0.806s] writing requirements to ../../build/galletas_classifier/galletas_classifier.egg-info/requires.txt
[0.806s] writing top-level names to ../../build/galletas_classifier/galletas_classifier.egg-info/top_level.txt
[0.808s] reading manifest file '../../build/galletas_classifier/galletas_classifier.egg-info/SOURCES.txt'
[0.809s] writing manifest file '../../build/galletas_classifier/galletas_classifier.egg-info/SOURCES.txt'
[0.809s] running build
[0.809s] running build_py
[0.809s] running install
[0.810s] running install_lib
[0.811s] running install_egg_info
[0.812s] removing '/home/camilo/Proyecto_ws/install/galletas_classifier/lib/python3.10/site-packages/galletas_classifier-0.0.0-py3.10.egg-info' (and everything under it)
[0.813s] Copying ../../build/galletas_classifier/galletas_classifier.egg-info to /home/camilo/Proyecto_ws/install/galletas_classifier/lib/python3.10/site-packages/galletas_classifier-0.0.0-py3.10.egg-info
[0.813s] running install_scripts
[0.834s] Installing classification_sub script to /home/camilo/Proyecto_ws/install/galletas_classifier/lib/galletas_classifier
[0.834s] Installing display_sub script to /home/camilo/Proyecto_ws/install/galletas_classifier/lib/galletas_classifier
[0.834s] Installing webcam_pub script to /home/camilo/Proyecto_ws/install/galletas_classifier/lib/galletas_classifier
[0.834s] writing list of installed files to '/home/camilo/Proyecto_ws/build/galletas_classifier/install.log'
[0.855s] Invoked command in '/home/camilo/Proyecto_ws/src/galletas_classifier' returned '0': PYTHONPATH=/home/camilo/Proyecto_ws/build/galletas_classifier/prefix_override:/home/camilo/Proyecto_ws/install/galletas_classifier/lib/python3.10/site-packages:${PYTHONPATH} /usr/bin/python3 -W ignore:setup.py install is deprecated setup.py egg_info --egg-base ../../build/galletas_classifier build --build-base /home/camilo/Proyecto_ws/build/galletas_classifier/build install --record /home/camilo/Proyecto_ws/build/galletas_classifier/install.log --single-version-externally-managed
