[0.309s] DEBUG:colcon:Command line arguments: ['/usr/bin/colcon', 'build', '--symlink-install']
[0.309s] DEBUG:colcon:Parsed command line arguments: Namespace(log_base=None, log_level=None, verb_name='build', build_base='build', install_base='install', merge_install=False, symlink_install=True, test_result_base=None, continue_on_error=False, executor='parallel', parallel_workers=8, event_handlers=None, ignore_user_meta=False, metas=['./colcon.meta'], base_paths=['.'], packages_ignore=None, packages_ignore_regex=None, paths=None, packages_up_to=None, packages_up_to_regex=None, packages_above=None, packages_above_and_dependencies=None, packages_above_depth=None, packages_select_by_dep=None, packages_skip_by_dep=None, packages_skip_up_to=None, packages_select_build_failed=False, packages_skip_build_finished=False, packages_select_test_failures=False, packages_skip_test_passed=False, packages_select=None, packages_skip=None, packages_select_regex=None, packages_skip_regex=None, packages_start=None, packages_end=None, allow_overriding=[], cmake_args=None, cmake_target=None, cmake_target_skip_unavailable=False, cmake_clean_cache=False, cmake_clean_first=False, cmake_force_configure=False, ament_cmake_args=None, catkin_cmake_args=None, catkin_skip_building_tests=False, mixin_files=None, mixin=None, verb_parser=<colcon_mixin.mixin.mixin_argument.MixinArgumentDecorator object at 0x7959c042a560>, verb_extension=<colcon_core.verb.build.BuildVerb object at 0x7959c0429f90>, main=<bound method BuildVerb.main of <colcon_core.verb.build.BuildVerb object at 0x7959c0429f90>>, mixin_verb=('build',))
[0.545s] Level 1:colcon.colcon_core.package_discovery:discover_packages(colcon_meta) check parameters
[0.545s] Level 1:colcon.colcon_core.package_discovery:discover_packages(recursive) check parameters
[0.545s] Level 1:colcon.colcon_core.package_discovery:discover_packages(ignore) check parameters
[0.545s] Level 1:colcon.colcon_core.package_discovery:discover_packages(path) check parameters
[0.545s] Level 1:colcon.colcon_core.package_discovery:discover_packages(colcon_meta) discover
[0.545s] Level 1:colcon.colcon_core.package_discovery:discover_packages(recursive) discover
[0.545s] INFO:colcon.colcon_core.package_discovery:Crawling recursively for packages in '/home/camilo/Proyecto_ws'
[0.545s] Level 1:colcon.colcon_core.package_identification:_identify(.) by extensions ['ignore', 'ignore_ament_install']
[0.545s] Level 1:colcon.colcon_core.package_identification:_identify(.) by extension 'ignore'
[0.545s] Level 1:colcon.colcon_core.package_identification:_identify(.) by extension 'ignore_ament_install'
[0.545s] Level 1:colcon.colcon_core.package_identification:_identify(.) by extensions ['colcon_pkg']
[0.545s] Level 1:colcon.colcon_core.package_identification:_identify(.) by extension 'colcon_pkg'
[0.545s] Level 1:colcon.colcon_core.package_identification:_identify(.) by extensions ['colcon_meta']
[0.545s] Level 1:colcon.colcon_core.package_identification:_identify(.) by extension 'colcon_meta'
[0.545s] Level 1:colcon.colcon_core.package_identification:_identify(.) by extensions ['ros']
[0.545s] Level 1:colcon.colcon_core.package_identification:_identify(.) by extension 'ros'
[0.565s] Level 1:colcon.colcon_core.package_identification:_identify(.) by extensions ['cmake', 'python']
[0.565s] Level 1:colcon.colcon_core.package_identification:_identify(.) by extension 'cmake'
[0.565s] Level 1:colcon.colcon_core.package_identification:_identify(.) by extension 'python'
[0.565s] Level 1:colcon.colcon_core.package_identification:_identify(.) by extensions ['python_setup_py']
[0.565s] Level 1:colcon.colcon_core.package_identification:_identify(.) by extension 'python_setup_py'
[0.565s] Level 1:colcon.colcon_core.package_identification:_identify(build) by extensions ['ignore', 'ignore_ament_install']
[0.565s] Level 1:colcon.colcon_core.package_identification:_identify(build) by extension 'ignore'
[0.566s] Level 1:colcon.colcon_core.package_identification:_identify(build) ignored
[0.566s] Level 1:colcon.colcon_core.package_identification:_identify(install) by extensions ['ignore', 'ignore_ament_install']
[0.566s] Level 1:colcon.colcon_core.package_identification:_identify(install) by extension 'ignore'
[0.566s] Level 1:colcon.colcon_core.package_identification:_identify(install) ignored
[0.566s] Level 1:colcon.colcon_core.package_identification:_identify(log) by extensions ['ignore', 'ignore_ament_install']
[0.566s] Level 1:colcon.colcon_core.package_identification:_identify(log) by extension 'ignore'
[0.566s] Level 1:colcon.colcon_core.package_identification:_identify(log) ignored
[0.566s] Level 1:colcon.colcon_core.package_identification:_identify(runs) by extensions ['ignore', 'ignore_ament_install']
[0.567s] Level 1:colcon.colcon_core.package_identification:_identify(runs) by extension 'ignore'
[0.567s] Level 1:colcon.colcon_core.package_identification:_identify(runs) by extension 'ignore_ament_install'
[0.567s] Level 1:colcon.colcon_core.package_identification:_identify(runs) by extensions ['colcon_pkg']
[0.567s] Level 1:colcon.colcon_core.package_identification:_identify(runs) by extension 'colcon_pkg'
[0.567s] Level 1:colcon.colcon_core.package_identification:_identify(runs) by extensions ['colcon_meta']
[0.567s] Level 1:colcon.colcon_core.package_identification:_identify(runs) by extension 'colcon_meta'
[0.567s] Level 1:colcon.colcon_core.package_identification:_identify(runs) by extensions ['ros']
[0.567s] Level 1:colcon.colcon_core.package_identification:_identify(runs) by extension 'ros'
[0.567s] Level 1:colcon.colcon_core.package_identification:_identify(runs) by extensions ['cmake', 'python']
[0.567s] Level 1:colcon.colcon_core.package_identification:_identify(runs) by extension 'cmake'
[0.567s] Level 1:colcon.colcon_core.package_identification:_identify(runs) by extension 'python'
[0.567s] Level 1:colcon.colcon_core.package_identification:_identify(runs) by extensions ['python_setup_py']
[0.567s] Level 1:colcon.colcon_core.package_identification:_identify(runs) by extension 'python_setup_py'
[0.568s] Level 1:colcon.colcon_core.package_identification:_identify(runs/detect) by extensions ['ignore', 'ignore_ament_install']
[0.568s] Level 1:colcon.colcon_core.package_identification:_identify(runs/detect) by extension 'ignore'
[0.568s] Level 1:colcon.colcon_core.package_identification:_identify(runs/detect) by extension 'ignore_ament_install'
[0.568s] Level 1:colcon.colcon_core.package_identification:_identify(runs/detect) by extensions ['colcon_pkg']
[0.568s] Level 1:colcon.colcon_core.package_identification:_identify(runs/detect) by extension 'colcon_pkg'
[0.568s] Level 1:colcon.colcon_core.package_identification:_identify(runs/detect) by extensions ['colcon_meta']
[0.568s] Level 1:colcon.colcon_core.package_identification:_identify(runs/detect) by extension 'colcon_meta'
[0.568s] Level 1:colcon.colcon_core.package_identification:_identify(runs/detect) by extensions ['ros']
[0.568s] Level 1:colcon.colcon_core.package_identification:_identify(runs/detect) by extension 'ros'
[0.568s] Level 1:colcon.colcon_core.package_identification:_identify(runs/detect) by extensions ['cmake', 'python']
[0.568s] Level 1:colcon.colcon_core.package_identification:_identify(runs/detect) by extension 'cmake'
[0.568s] Level 1:colcon.colcon_core.package_identification:_identify(runs/detect) by extension 'python'
[0.568s] Level 1:colcon.colcon_core.package_identification:_identify(runs/detect) by extensions ['python_setup_py']
[0.569s] Level 1:colcon.colcon_core.package_identification:_identify(runs/detect) by extension 'python_setup_py'
[0.569s] Level 1:colcon.colcon_core.package_identification:_identify(runs/detect/predict) by extensions ['ignore', 'ignore_ament_install']
[0.569s] Level 1:colcon.colcon_core.package_identification:_identify(runs/detect/predict) by extension 'ignore'
[0.569s] Level 1:colcon.colcon_core.package_identification:_identify(runs/detect/predict) by extension 'ignore_ament_install'
[0.569s] Level 1:colcon.colcon_core.package_identification:_identify(runs/detect/predict) by extensions ['colcon_pkg']
[0.569s] Level 1:colcon.colcon_core.package_identification:_identify(runs/detect/predict) by extension 'colcon_pkg'
[0.569s] Level 1:colcon.colcon_core.package_identification:_identify(runs/detect/predict) by extensions ['colcon_meta']
[0.569s] Level 1:colcon.colcon_core.package_identification:_identify(runs/detect/predict) by extension 'colcon_meta'
[0.569s] Level 1:colcon.colcon_core.package_identification:_identify(runs/detect/predict) by extensions ['ros']
[0.569s] Level 1:colcon.colcon_core.package_identification:_identify(runs/detect/predict) by extension 'ros'
[0.569s] Level 1:colcon.colcon_core.package_identification:_identify(runs/detect/predict) by extensions ['cmake', 'python']
[0.569s] Level 1:colcon.colcon_core.package_identification:_identify(runs/detect/predict) by extension 'cmake'
[0.569s] Level 1:colcon.colcon_core.package_identification:_identify(runs/detect/predict) by extension 'python'
[0.569s] Level 1:colcon.colcon_core.package_identification:_identify(runs/detect/predict) by extensions ['python_setup_py']
[0.570s] Level 1:colcon.colcon_core.package_identification:_identify(runs/detect/predict) by extension 'python_setup_py'
[0.570s] Level 1:colcon.colcon_core.package_identification:_identify(runs/detect/predict10) by extensions ['ignore', 'ignore_ament_install']
[0.570s] Level 1:colcon.colcon_core.package_identification:_identify(runs/detect/predict10) by extension 'ignore'
[0.570s] Level 1:colcon.colcon_core.package_identification:_identify(runs/detect/predict10) by extension 'ignore_ament_install'
[0.570s] Level 1:colcon.colcon_core.package_identification:_identify(runs/detect/predict10) by extensions ['colcon_pkg']
[0.570s] Level 1:colcon.colcon_core.package_identification:_identify(runs/detect/predict10) by extension 'colcon_pkg'
[0.570s] Level 1:colcon.colcon_core.package_identification:_identify(runs/detect/predict10) by extensions ['colcon_meta']
[0.570s] Level 1:colcon.colcon_core.package_identification:_identify(runs/detect/predict10) by extension 'colcon_meta'
[0.570s] Level 1:colcon.colcon_core.package_identification:_identify(runs/detect/predict10) by extensions ['ros']
[0.570s] Level 1:colcon.colcon_core.package_identification:_identify(runs/detect/predict10) by extension 'ros'
[0.570s] Level 1:colcon.colcon_core.package_identification:_identify(runs/detect/predict10) by extensions ['cmake', 'python']
[0.570s] Level 1:colcon.colcon_core.package_identification:_identify(runs/detect/predict10) by extension 'cmake'
[0.570s] Level 1:colcon.colcon_core.package_identification:_identify(runs/detect/predict10) by extension 'python'
[0.570s] Level 1:colcon.colcon_core.package_identification:_identify(runs/detect/predict10) by extensions ['python_setup_py']
[0.570s] Level 1:colcon.colcon_core.package_identification:_identify(runs/detect/predict10) by extension 'python_setup_py'
[0.571s] Level 1:colcon.colcon_core.package_identification:_identify(runs/detect/predict11) by extensions ['ignore', 'ignore_ament_install']
[0.571s] Level 1:colcon.colcon_core.package_identification:_identify(runs/detect/predict11) by extension 'ignore'
[0.571s] Level 1:colcon.colcon_core.package_identification:_identify(runs/detect/predict11) by extension 'ignore_ament_install'
[0.571s] Level 1:colcon.colcon_core.package_identification:_identify(runs/detect/predict11) by extensions ['colcon_pkg']
[0.571s] Level 1:colcon.colcon_core.package_identification:_identify(runs/detect/predict11) by extension 'colcon_pkg'
[0.571s] Level 1:colcon.colcon_core.package_identification:_identify(runs/detect/predict11) by extensions ['colcon_meta']
[0.571s] Level 1:colcon.colcon_core.package_identification:_identify(runs/detect/predict11) by extension 'colcon_meta'
[0.571s] Level 1:colcon.colcon_core.package_identification:_identify(runs/detect/predict11) by extensions ['ros']
[0.571s] Level 1:colcon.colcon_core.package_identification:_identify(runs/detect/predict11) by extension 'ros'
[0.571s] Level 1:colcon.colcon_core.package_identification:_identify(runs/detect/predict11) by extensions ['cmake', 'python']
[0.571s] Level 1:colcon.colcon_core.package_identification:_identify(runs/detect/predict11) by extension 'cmake'
[0.571s] Level 1:colcon.colcon_core.package_identification:_identify(runs/detect/predict11) by extension 'python'
[0.571s] Level 1:colcon.colcon_core.package_identification:_identify(runs/detect/predict11) by extensions ['python_setup_py']
[0.571s] Level 1:colcon.colcon_core.package_identification:_identify(runs/detect/predict11) by extension 'python_setup_py'
[0.572s] Level 1:colcon.colcon_core.package_identification:_identify(runs/detect/predict12) by extensions ['ignore', 'ignore_ament_install']
[0.572s] Level 1:colcon.colcon_core.package_identification:_identify(runs/detect/predict12) by extension 'ignore'
[0.572s] Level 1:colcon.colcon_core.package_identification:_identify(runs/detect/predict12) by extension 'ignore_ament_install'
[0.572s] Level 1:colcon.colcon_core.package_identification:_identify(runs/detect/predict12) by extensions ['colcon_pkg']
[0.572s] Level 1:colcon.colcon_core.package_identification:_identify(runs/detect/predict12) by extension 'colcon_pkg'
[0.572s] Level 1:colcon.colcon_core.package_identification:_identify(runs/detect/predict12) by extensions ['colcon_meta']
[0.572s] Level 1:colcon.colcon_core.package_identification:_identify(runs/detect/predict12) by extension 'colcon_meta'
[0.572s] Level 1:colcon.colcon_core.package_identification:_identify(runs/detect/predict12) by extensions ['ros']
[0.572s] Level 1:colcon.colcon_core.package_identification:_identify(runs/detect/predict12) by extension 'ros'
[0.573s] Level 1:colcon.colcon_core.package_identification:_identify(runs/detect/predict12) by extensions ['cmake', 'python']
[0.573s] Level 1:colcon.colcon_core.package_identification:_identify(runs/detect/predict12) by extension 'cmake'
[0.573s] Level 1:colcon.colcon_core.package_identification:_identify(runs/detect/predict12) by extension 'python'
[0.573s] Level 1:colcon.colcon_core.package_identification:_identify(runs/detect/predict12) by extensions ['python_setup_py']
[0.573s] Level 1:colcon.colcon_core.package_identification:_identify(runs/detect/predict12) by extension 'python_setup_py'
[0.573s] Level 1:colcon.colcon_core.package_identification:_identify(runs/detect/predict13) by extensions ['ignore', 'ignore_ament_install']
[0.573s] Level 1:colcon.colcon_core.package_identification:_identify(runs/detect/predict13) by extension 'ignore'
[0.573s] Level 1:colcon.colcon_core.package_identification:_identify(runs/detect/predict13) by extension 'ignore_ament_install'
[0.573s] Level 1:colcon.colcon_core.package_identification:_identify(runs/detect/predict13) by extensions ['colcon_pkg']
[0.573s] Level 1:colcon.colcon_core.package_identification:_identify(runs/detect/predict13) by extension 'colcon_pkg'
[0.573s] Level 1:colcon.colcon_core.package_identification:_identify(runs/detect/predict13) by extensions ['colcon_meta']
[0.573s] Level 1:colcon.colcon_core.package_identification:_identify(runs/detect/predict13) by extension 'colcon_meta'
[0.573s] Level 1:colcon.colcon_core.package_identification:_identify(runs/detect/predict13) by extensions ['ros']
[0.573s] Level 1:colcon.colcon_core.package_identification:_identify(runs/detect/predict13) by extension 'ros'
[0.574s] Level 1:colcon.colcon_core.package_identification:_identify(runs/detect/predict13) by extensions ['cmake', 'python']
[0.574s] Level 1:colcon.colcon_core.package_identification:_identify(runs/detect/predict13) by extension 'cmake'
[0.574s] Level 1:colcon.colcon_core.package_identification:_identify(runs/detect/predict13) by extension 'python'
[0.574s] Level 1:colcon.colcon_core.package_identification:_identify(runs/detect/predict13) by extensions ['python_setup_py']
[0.574s] Level 1:colcon.colcon_core.package_identification:_identify(runs/detect/predict13) by extension 'python_setup_py'
[0.574s] Level 1:colcon.colcon_core.package_identification:_identify(runs/detect/predict14) by extensions ['ignore', 'ignore_ament_install']
[0.574s] Level 1:colcon.colcon_core.package_identification:_identify(runs/detect/predict14) by extension 'ignore'
[0.574s] Level 1:colcon.colcon_core.package_identification:_identify(runs/detect/predict14) by extension 'ignore_ament_install'
[0.574s] Level 1:colcon.colcon_core.package_identification:_identify(runs/detect/predict14) by extensions ['colcon_pkg']
[0.574s] Level 1:colcon.colcon_core.package_identification:_identify(runs/detect/predict14) by extension 'colcon_pkg'
[0.574s] Level 1:colcon.colcon_core.package_identification:_identify(runs/detect/predict14) by extensions ['colcon_meta']
[0.574s] Level 1:colcon.colcon_core.package_identification:_identify(runs/detect/predict14) by extension 'colcon_meta'
[0.574s] Level 1:colcon.colcon_core.package_identification:_identify(runs/detect/predict14) by extensions ['ros']
[0.574s] Level 1:colcon.colcon_core.package_identification:_identify(runs/detect/predict14) by extension 'ros'
[0.574s] Level 1:colcon.colcon_core.package_identification:_identify(runs/detect/predict14) by extensions ['cmake', 'python']
[0.574s] Level 1:colcon.colcon_core.package_identification:_identify(runs/detect/predict14) by extension 'cmake'
[0.575s] Level 1:colcon.colcon_core.package_identification:_identify(runs/detect/predict14) by extension 'python'
[0.575s] Level 1:colcon.colcon_core.package_identification:_identify(runs/detect/predict14) by extensions ['python_setup_py']
[0.575s] Level 1:colcon.colcon_core.package_identification:_identify(runs/detect/predict14) by extension 'python_setup_py'
[0.575s] Level 1:colcon.colcon_core.package_identification:_identify(runs/detect/predict2) by extensions ['ignore', 'ignore_ament_install']
[0.575s] Level 1:colcon.colcon_core.package_identification:_identify(runs/detect/predict2) by extension 'ignore'
[0.575s] Level 1:colcon.colcon_core.package_identification:_identify(runs/detect/predict2) by extension 'ignore_ament_install'
[0.575s] Level 1:colcon.colcon_core.package_identification:_identify(runs/detect/predict2) by extensions ['colcon_pkg']
[0.575s] Level 1:colcon.colcon_core.package_identification:_identify(runs/detect/predict2) by extension 'colcon_pkg'
[0.575s] Level 1:colcon.colcon_core.package_identification:_identify(runs/detect/predict2) by extensions ['colcon_meta']
[0.575s] Level 1:colcon.colcon_core.package_identification:_identify(runs/detect/predict2) by extension 'colcon_meta'
[0.575s] Level 1:colcon.colcon_core.package_identification:_identify(runs/detect/predict2) by extensions ['ros']
[0.575s] Level 1:colcon.colcon_core.package_identification:_identify(runs/detect/predict2) by extension 'ros'
[0.575s] Level 1:colcon.colcon_core.package_identification:_identify(runs/detect/predict2) by extensions ['cmake', 'python']
[0.575s] Level 1:colcon.colcon_core.package_identification:_identify(runs/detect/predict2) by extension 'cmake'
[0.575s] Level 1:colcon.colcon_core.package_identification:_identify(runs/detect/predict2) by extension 'python'
[0.575s] Level 1:colcon.colcon_core.package_identification:_identify(runs/detect/predict2) by extensions ['python_setup_py']
[0.575s] Level 1:colcon.colcon_core.package_identification:_identify(runs/detect/predict2) by extension 'python_setup_py'
[0.576s] Level 1:colcon.colcon_core.package_identification:_identify(runs/detect/predict3) by extensions ['ignore', 'ignore_ament_install']
[0.576s] Level 1:colcon.colcon_core.package_identification:_identify(runs/detect/predict3) by extension 'ignore'
[0.576s] Level 1:colcon.colcon_core.package_identification:_identify(runs/detect/predict3) by extension 'ignore_ament_install'
[0.576s] Level 1:colcon.colcon_core.package_identification:_identify(runs/detect/predict3) by extensions ['colcon_pkg']
[0.576s] Level 1:colcon.colcon_core.package_identification:_identify(runs/detect/predict3) by extension 'colcon_pkg'
[0.576s] Level 1:colcon.colcon_core.package_identification:_identify(runs/detect/predict3) by extensions ['colcon_meta']
[0.576s] Level 1:colcon.colcon_core.package_identification:_identify(runs/detect/predict3) by extension 'colcon_meta'
[0.576s] Level 1:colcon.colcon_core.package_identification:_identify(runs/detect/predict3) by extensions ['ros']
[0.576s] Level 1:colcon.colcon_core.package_identification:_identify(runs/detect/predict3) by extension 'ros'
[0.576s] Level 1:colcon.colcon_core.package_identification:_identify(runs/detect/predict3) by extensions ['cmake', 'python']
[0.576s] Level 1:colcon.colcon_core.package_identification:_identify(runs/detect/predict3) by extension 'cmake'
[0.576s] Level 1:colcon.colcon_core.package_identification:_identify(runs/detect/predict3) by extension 'python'
[0.576s] Level 1:colcon.colcon_core.package_identification:_identify(runs/detect/predict3) by extensions ['python_setup_py']
[0.576s] Level 1:colcon.colcon_core.package_identification:_identify(runs/detect/predict3) by extension 'python_setup_py'
[0.577s] Level 1:colcon.colcon_core.package_identification:_identify(runs/detect/predict4) by extensions ['ignore', 'ignore_ament_install']
[0.577s] Level 1:colcon.colcon_core.package_identification:_identify(runs/detect/predict4) by extension 'ignore'
[0.577s] Level 1:colcon.colcon_core.package_identification:_identify(runs/detect/predict4) by extension 'ignore_ament_install'
[0.577s] Level 1:colcon.colcon_core.package_identification:_identify(runs/detect/predict4) by extensions ['colcon_pkg']
[0.577s] Level 1:colcon.colcon_core.package_identification:_identify(runs/detect/predict4) by extension 'colcon_pkg'
[0.577s] Level 1:colcon.colcon_core.package_identification:_identify(runs/detect/predict4) by extensions ['colcon_meta']
[0.577s] Level 1:colcon.colcon_core.package_identification:_identify(runs/detect/predict4) by extension 'colcon_meta'
[0.577s] Level 1:colcon.colcon_core.package_identification:_identify(runs/detect/predict4) by extensions ['ros']
[0.577s] Level 1:colcon.colcon_core.package_identification:_identify(runs/detect/predict4) by extension 'ros'
[0.577s] Level 1:colcon.colcon_core.package_identification:_identify(runs/detect/predict4) by extensions ['cmake', 'python']
[0.577s] Level 1:colcon.colcon_core.package_identification:_identify(runs/detect/predict4) by extension 'cmake'
[0.577s] Level 1:colcon.colcon_core.package_identification:_identify(runs/detect/predict4) by extension 'python'
[0.577s] Level 1:colcon.colcon_core.package_identification:_identify(runs/detect/predict4) by extensions ['python_setup_py']
[0.577s] Level 1:colcon.colcon_core.package_identification:_identify(runs/detect/predict4) by extension 'python_setup_py'
[0.577s] Level 1:colcon.colcon_core.package_identification:_identify(runs/detect/predict5) by extensions ['ignore', 'ignore_ament_install']
[0.577s] Level 1:colcon.colcon_core.package_identification:_identify(runs/detect/predict5) by extension 'ignore'
[0.578s] Level 1:colcon.colcon_core.package_identification:_identify(runs/detect/predict5) by extension 'ignore_ament_install'
[0.578s] Level 1:colcon.colcon_core.package_identification:_identify(runs/detect/predict5) by extensions ['colcon_pkg']
[0.578s] Level 1:colcon.colcon_core.package_identification:_identify(runs/detect/predict5) by extension 'colcon_pkg'
[0.578s] Level 1:colcon.colcon_core.package_identification:_identify(runs/detect/predict5) by extensions ['colcon_meta']
[0.578s] Level 1:colcon.colcon_core.package_identification:_identify(runs/detect/predict5) by extension 'colcon_meta'
[0.578s] Level 1:colcon.colcon_core.package_identification:_identify(runs/detect/predict5) by extensions ['ros']
[0.578s] Level 1:colcon.colcon_core.package_identification:_identify(runs/detect/predict5) by extension 'ros'
[0.578s] Level 1:colcon.colcon_core.package_identification:_identify(runs/detect/predict5) by extensions ['cmake', 'python']
[0.578s] Level 1:colcon.colcon_core.package_identification:_identify(runs/detect/predict5) by extension 'cmake'
[0.578s] Level 1:colcon.colcon_core.package_identification:_identify(runs/detect/predict5) by extension 'python'
[0.578s] Level 1:colcon.colcon_core.package_identification:_identify(runs/detect/predict5) by extensions ['python_setup_py']
[0.578s] Level 1:colcon.colcon_core.package_identification:_identify(runs/detect/predict5) by extension 'python_setup_py'
[0.578s] Level 1:colcon.colcon_core.package_identification:_identify(runs/detect/predict6) by extensions ['ignore', 'ignore_ament_install']
[0.578s] Level 1:colcon.colcon_core.package_identification:_identify(runs/detect/predict6) by extension 'ignore'
[0.578s] Level 1:colcon.colcon_core.package_identification:_identify(runs/detect/predict6) by extension 'ignore_ament_install'
[0.578s] Level 1:colcon.colcon_core.package_identification:_identify(runs/detect/predict6) by extensions ['colcon_pkg']
[0.578s] Level 1:colcon.colcon_core.package_identification:_identify(runs/detect/predict6) by extension 'colcon_pkg'
[0.579s] Level 1:colcon.colcon_core.package_identification:_identify(runs/detect/predict6) by extensions ['colcon_meta']
[0.579s] Level 1:colcon.colcon_core.package_identification:_identify(runs/detect/predict6) by extension 'colcon_meta'
[0.579s] Level 1:colcon.colcon_core.package_identification:_identify(runs/detect/predict6) by extensions ['ros']
[0.579s] Level 1:colcon.colcon_core.package_identification:_identify(runs/detect/predict6) by extension 'ros'
[0.579s] Level 1:colcon.colcon_core.package_identification:_identify(runs/detect/predict6) by extensions ['cmake', 'python']
[0.579s] Level 1:colcon.colcon_core.package_identification:_identify(runs/detect/predict6) by extension 'cmake'
[0.579s] Level 1:colcon.colcon_core.package_identification:_identify(runs/detect/predict6) by extension 'python'
[0.579s] Level 1:colcon.colcon_core.package_identification:_identify(runs/detect/predict6) by extensions ['python_setup_py']
[0.579s] Level 1:colcon.colcon_core.package_identification:_identify(runs/detect/predict6) by extension 'python_setup_py'
[0.579s] Level 1:colcon.colcon_core.package_identification:_identify(runs/detect/predict7) by extensions ['ignore', 'ignore_ament_install']
[0.579s] Level 1:colcon.colcon_core.package_identification:_identify(runs/detect/predict7) by extension 'ignore'
[0.579s] Level 1:colcon.colcon_core.package_identification:_identify(runs/detect/predict7) by extension 'ignore_ament_install'
[0.579s] Level 1:colcon.colcon_core.package_identification:_identify(runs/detect/predict7) by extensions ['colcon_pkg']
[0.579s] Level 1:colcon.colcon_core.package_identification:_identify(runs/detect/predict7) by extension 'colcon_pkg'
[0.579s] Level 1:colcon.colcon_core.package_identification:_identify(runs/detect/predict7) by extensions ['colcon_meta']
[0.579s] Level 1:colcon.colcon_core.package_identification:_identify(runs/detect/predict7) by extension 'colcon_meta'
[0.579s] Level 1:colcon.colcon_core.package_identification:_identify(runs/detect/predict7) by extensions ['ros']
[0.579s] Level 1:colcon.colcon_core.package_identification:_identify(runs/detect/predict7) by extension 'ros'
[0.579s] Level 1:colcon.colcon_core.package_identification:_identify(runs/detect/predict7) by extensions ['cmake', 'python']
[0.580s] Level 1:colcon.colcon_core.package_identification:_identify(runs/detect/predict7) by extension 'cmake'
[0.580s] Level 1:colcon.colcon_core.package_identification:_identify(runs/detect/predict7) by extension 'python'
[0.580s] Level 1:colcon.colcon_core.package_identification:_identify(runs/detect/predict7) by extensions ['python_setup_py']
[0.580s] Level 1:colcon.colcon_core.package_identification:_identify(runs/detect/predict7) by extension 'python_setup_py'
[0.580s] Level 1:colcon.colcon_core.package_identification:_identify(runs/detect/predict8) by extensions ['ignore', 'ignore_ament_install']
[0.580s] Level 1:colcon.colcon_core.package_identification:_identify(runs/detect/predict8) by extension 'ignore'
[0.580s] Level 1:colcon.colcon_core.package_identification:_identify(runs/detect/predict8) by extension 'ignore_ament_install'
[0.580s] Level 1:colcon.colcon_core.package_identification:_identify(runs/detect/predict8) by extensions ['colcon_pkg']
[0.580s] Level 1:colcon.colcon_core.package_identification:_identify(runs/detect/predict8) by extension 'colcon_pkg'
[0.580s] Level 1:colcon.colcon_core.package_identification:_identify(runs/detect/predict8) by extensions ['colcon_meta']
[0.580s] Level 1:colcon.colcon_core.package_identification:_identify(runs/detect/predict8) by extension 'colcon_meta'
[0.580s] Level 1:colcon.colcon_core.package_identification:_identify(runs/detect/predict8) by extensions ['ros']
[0.580s] Level 1:colcon.colcon_core.package_identification:_identify(runs/detect/predict8) by extension 'ros'
[0.580s] Level 1:colcon.colcon_core.package_identification:_identify(runs/detect/predict8) by extensions ['cmake', 'python']
[0.580s] Level 1:colcon.colcon_core.package_identification:_identify(runs/detect/predict8) by extension 'cmake'
[0.580s] Level 1:colcon.colcon_core.package_identification:_identify(runs/detect/predict8) by extension 'python'
[0.580s] Level 1:colcon.colcon_core.package_identification:_identify(runs/detect/predict8) by extensions ['python_setup_py']
[0.580s] Level 1:colcon.colcon_core.package_identification:_identify(runs/detect/predict8) by extension 'python_setup_py'
[0.581s] Level 1:colcon.colcon_core.package_identification:_identify(runs/detect/predict9) by extensions ['ignore', 'ignore_ament_install']
[0.581s] Level 1:colcon.colcon_core.package_identification:_identify(runs/detect/predict9) by extension 'ignore'
[0.581s] Level 1:colcon.colcon_core.package_identification:_identify(runs/detect/predict9) by extension 'ignore_ament_install'
[0.581s] Level 1:colcon.colcon_core.package_identification:_identify(runs/detect/predict9) by extensions ['colcon_pkg']
[0.581s] Level 1:colcon.colcon_core.package_identification:_identify(runs/detect/predict9) by extension 'colcon_pkg'
[0.581s] Level 1:colcon.colcon_core.package_identification:_identify(runs/detect/predict9) by extensions ['colcon_meta']
[0.581s] Level 1:colcon.colcon_core.package_identification:_identify(runs/detect/predict9) by extension 'colcon_meta'
[0.581s] Level 1:colcon.colcon_core.package_identification:_identify(runs/detect/predict9) by extensions ['ros']
[0.581s] Level 1:colcon.colcon_core.package_identification:_identify(runs/detect/predict9) by extension 'ros'
[0.581s] Level 1:colcon.colcon_core.package_identification:_identify(runs/detect/predict9) by extensions ['cmake', 'python']
[0.581s] Level 1:colcon.colcon_core.package_identification:_identify(runs/detect/predict9) by extension 'cmake'
[0.581s] Level 1:colcon.colcon_core.package_identification:_identify(runs/detect/predict9) by extension 'python'
[0.581s] Level 1:colcon.colcon_core.package_identification:_identify(runs/detect/predict9) by extensions ['python_setup_py']
[0.581s] Level 1:colcon.colcon_core.package_identification:_identify(runs/detect/predict9) by extension 'python_setup_py'
[0.581s] Level 1:colcon.colcon_core.package_identification:_identify(src) by extensions ['ignore', 'ignore_ament_install']
[0.581s] Level 1:colcon.colcon_core.package_identification:_identify(src) by extension 'ignore'
[0.581s] Level 1:colcon.colcon_core.package_identification:_identify(src) by extension 'ignore_ament_install'
[0.582s] Level 1:colcon.colcon_core.package_identification:_identify(src) by extensions ['colcon_pkg']
[0.582s] Level 1:colcon.colcon_core.package_identification:_identify(src) by extension 'colcon_pkg'
[0.582s] Level 1:colcon.colcon_core.package_identification:_identify(src) by extensions ['colcon_meta']
[0.582s] Level 1:colcon.colcon_core.package_identification:_identify(src) by extension 'colcon_meta'
[0.582s] Level 1:colcon.colcon_core.package_identification:_identify(src) by extensions ['ros']
[0.582s] Level 1:colcon.colcon_core.package_identification:_identify(src) by extension 'ros'
[0.582s] Level 1:colcon.colcon_core.package_identification:_identify(src) by extensions ['cmake', 'python']
[0.582s] Level 1:colcon.colcon_core.package_identification:_identify(src) by extension 'cmake'
[0.582s] Level 1:colcon.colcon_core.package_identification:_identify(src) by extension 'python'
[0.582s] Level 1:colcon.colcon_core.package_identification:_identify(src) by extensions ['python_setup_py']
[0.582s] Level 1:colcon.colcon_core.package_identification:_identify(src) by extension 'python_setup_py'
[0.582s] Level 1:colcon.colcon_core.package_identification:_identify(src/galletas_classifier) by extensions ['ignore', 'ignore_ament_install']
[0.582s] Level 1:colcon.colcon_core.package_identification:_identify(src/galletas_classifier) by extension 'ignore'
[0.582s] Level 1:colcon.colcon_core.package_identification:_identify(src/galletas_classifier) by extension 'ignore_ament_install'
[0.582s] Level 1:colcon.colcon_core.package_identification:_identify(src/galletas_classifier) by extensions ['colcon_pkg']
[0.582s] Level 1:colcon.colcon_core.package_identification:_identify(src/galletas_classifier) by extension 'colcon_pkg'
[0.582s] Level 1:colcon.colcon_core.package_identification:_identify(src/galletas_classifier) by extensions ['colcon_meta']
[0.582s] Level 1:colcon.colcon_core.package_identification:_identify(src/galletas_classifier) by extension 'colcon_meta'
[0.582s] Level 1:colcon.colcon_core.package_identification:_identify(src/galletas_classifier) by extensions ['ros']
[0.583s] Level 1:colcon.colcon_core.package_identification:_identify(src/galletas_classifier) by extension 'ros'
[0.585s] DEBUG:colcon.colcon_core.package_identification:Package 'src/galletas_classifier' with type 'ros.ament_python' and name 'galletas_classifier'
[0.585s] Level 1:colcon.colcon_core.package_discovery:discover_packages(recursive) using defaults
[0.585s] Level 1:colcon.colcon_core.package_discovery:discover_packages(ignore) discover
[0.585s] Level 1:colcon.colcon_core.package_discovery:discover_packages(ignore) using defaults
[0.585s] Level 1:colcon.colcon_core.package_discovery:discover_packages(path) discover
[0.585s] Level 1:colcon.colcon_core.package_discovery:discover_packages(path) using defaults
[0.631s] Level 1:colcon.colcon_core.package_discovery:discover_packages(prefix_path) check parameters
[0.631s] Level 1:colcon.colcon_core.package_discovery:discover_packages(prefix_path) discover
[0.634s] DEBUG:colcon.colcon_installed_package_information.package_discovery:Found 273 installed packages in /opt/ros/humble
[0.635s] Level 1:colcon.colcon_core.package_discovery:discover_packages(prefix_path) using defaults
[0.664s] Level 5:colcon.colcon_core.verb:set package 'galletas_classifier' build argument 'cmake_args' from command line to 'None'
[0.664s] Level 5:colcon.colcon_core.verb:set package 'galletas_classifier' build argument 'cmake_target' from command line to 'None'
[0.664s] Level 5:colcon.colcon_core.verb:set package 'galletas_classifier' build argument 'cmake_target_skip_unavailable' from command line to 'False'
[0.664s] Level 5:colcon.colcon_core.verb:set package 'galletas_classifier' build argument 'cmake_clean_cache' from command line to 'False'
[0.664s] Level 5:colcon.colcon_core.verb:set package 'galletas_classifier' build argument 'cmake_clean_first' from command line to 'False'
[0.664s] Level 5:colcon.colcon_core.verb:set package 'galletas_classifier' build argument 'cmake_force_configure' from command line to 'False'
[0.664s] Level 5:colcon.colcon_core.verb:set package 'galletas_classifier' build argument 'ament_cmake_args' from command line to 'None'
[0.664s] Level 5:colcon.colcon_core.verb:set package 'galletas_classifier' build argument 'catkin_cmake_args' from command line to 'None'
[0.664s] Level 5:colcon.colcon_core.verb:set package 'galletas_classifier' build argument 'catkin_skip_building_tests' from command line to 'False'
[0.664s] DEBUG:colcon.colcon_core.verb:Building package 'galletas_classifier' with the following arguments: {'ament_cmake_args': None, 'build_base': '/home/camilo/Proyecto_ws/build/galletas_classifier', 'catkin_cmake_args': None, 'catkin_skip_building_tests': False, 'cmake_args': None, 'cmake_clean_cache': False, 'cmake_clean_first': False, 'cmake_force_configure': False, 'cmake_target': None, 'cmake_target_skip_unavailable': False, 'install_base': '/home/camilo/Proyecto_ws/install/galletas_classifier', 'merge_install': False, 'path': '/home/camilo/Proyecto_ws/src/galletas_classifier', 'symlink_install': True, 'test_result_base': None}
[0.664s] INFO:colcon.colcon_core.executor:Executing jobs using 'parallel' executor
[0.665s] DEBUG:colcon.colcon_parallel_executor.executor.parallel:run_until_complete
[0.665s] INFO:colcon.colcon_ros.task.ament_python.build:Building ROS package in '/home/camilo/Proyecto_ws/src/galletas_classifier' with build type 'ament_python'
[0.665s] Level 1:colcon.colcon_core.shell:create_environment_hook('galletas_classifier', 'ament_prefix_path')
[0.669s] INFO:colcon.colcon_core.plugin_system:Skipping extension 'colcon_core.shell.bat': Not used on non-Windows systems
[0.669s] INFO:colcon.colcon_core.shell:Creating environment hook '/home/camilo/Proyecto_ws/install/galletas_classifier/share/galletas_classifier/hook/ament_prefix_path.ps1'
[0.671s] INFO:colcon.colcon_core.shell:Creating environment descriptor '/home/camilo/Proyecto_ws/install/galletas_classifier/share/galletas_classifier/hook/ament_prefix_path.dsv'
[0.671s] INFO:colcon.colcon_core.shell:Creating environment hook '/home/camilo/Proyecto_ws/install/galletas_classifier/share/galletas_classifier/hook/ament_prefix_path.sh'
[0.672s] INFO:colcon.colcon_core.shell:Skip shell extension 'powershell' for command environment: Not usable outside of PowerShell
[0.672s] DEBUG:colcon.colcon_core.shell:Skip shell extension 'dsv' for command environment
[0.878s] WARNING:colcon.colcon_ros.task.ament_python.build:Package 'galletas_classifier' doesn't explicitly install a marker in the package index (colcon-ros currently does it implicitly but that fallback will be removed in the future)
[0.879s] WARNING:colcon.colcon_ros.task.ament_python.build:Package 'galletas_classifier' doesn't explicitly install the 'package.xml' file (colcon-ros currently does it implicitly but that fallback will be removed in the future)
[0.879s] INFO:colcon.colcon_core.task.python.build:Building Python package in '/home/camilo/Proyecto_ws/src/galletas_classifier'
[0.879s] INFO:colcon.colcon_core.shell:Skip shell extension 'powershell' for command environment: Not usable outside of PowerShell
[0.879s] DEBUG:colcon.colcon_core.shell:Skip shell extension 'dsv' for command environment
[1.200s] DEBUG:colcon.colcon_core.event_handler.log_command:Invoking command in '/home/camilo/Proyecto_ws/build/galletas_classifier': PYTHONPATH=/home/camilo/Proyecto_ws/build/galletas_classifier/prefix_override:/home/camilo/Proyecto_ws/install/galletas_classifier/lib/python3.10/site-packages:${PYTHONPATH} /usr/bin/python3 -W ignore:setup.py install is deprecated setup.py develop --editable --build-directory /home/camilo/Proyecto_ws/build/galletas_classifier/build --no-deps
[1.595s] Level 1:colcon.colcon_core.shell:create_environment_hook('galletas_classifier', 'pythonpath_develop')
[1.596s] INFO:colcon.colcon_core.shell:Creating environment hook '/home/camilo/Proyecto_ws/build/galletas_classifier/share/galletas_classifier/hook/pythonpath_develop.ps1'
[1.596s] DEBUG:colcon.colcon_core.event_handler.log_command:Invoked command in '/home/camilo/Proyecto_ws/build/galletas_classifier' returned '0': PYTHONPATH=/home/camilo/Proyecto_ws/build/galletas_classifier/prefix_override:/home/camilo/Proyecto_ws/install/galletas_classifier/lib/python3.10/site-packages:${PYTHONPATH} /usr/bin/python3 -W ignore:setup.py install is deprecated setup.py develop --editable --build-directory /home/camilo/Proyecto_ws/build/galletas_classifier/build --no-deps
[1.597s] INFO:colcon.colcon_core.shell:Creating environment descriptor '/home/camilo/Proyecto_ws/build/galletas_classifier/share/galletas_classifier/hook/pythonpath_develop.dsv'
[1.597s] INFO:colcon.colcon_core.shell:Creating environment hook '/home/camilo/Proyecto_ws/build/galletas_classifier/share/galletas_classifier/hook/pythonpath_develop.sh'
[1.603s] Level 1:colcon.colcon_core.environment:checking '/home/camilo/Proyecto_ws/install/galletas_classifier' for CMake module files
[1.603s] Level 1:colcon.colcon_core.environment:checking '/home/camilo/Proyecto_ws/install/galletas_classifier' for CMake config files
[1.603s] Level 1:colcon.colcon_core.environment:checking '/home/camilo/Proyecto_ws/install/galletas_classifier/lib'
[1.604s] Level 1:colcon.colcon_core.environment:checking '/home/camilo/Proyecto_ws/install/galletas_classifier/bin'
[1.604s] Level 1:colcon.colcon_core.environment:checking '/home/camilo/Proyecto_ws/install/galletas_classifier/lib/pkgconfig/galletas_classifier.pc'
[1.604s] Level 1:colcon.colcon_core.environment:checking '/home/camilo/Proyecto_ws/install/galletas_classifier/lib/python3.10/site-packages'
[1.604s] Level 1:colcon.colcon_core.shell:create_environment_hook('galletas_classifier', 'pythonpath')
[1.604s] INFO:colcon.colcon_core.shell:Creating environment hook '/home/camilo/Proyecto_ws/install/galletas_classifier/share/galletas_classifier/hook/pythonpath.ps1'
[1.604s] INFO:colcon.colcon_core.shell:Creating environment descriptor '/home/camilo/Proyecto_ws/install/galletas_classifier/share/galletas_classifier/hook/pythonpath.dsv'
[1.605s] INFO:colcon.colcon_core.shell:Creating environment hook '/home/camilo/Proyecto_ws/install/galletas_classifier/share/galletas_classifier/hook/pythonpath.sh'
[1.605s] Level 1:colcon.colcon_core.environment:checking '/home/camilo/Proyecto_ws/install/galletas_classifier/bin'
[1.605s] Level 1:colcon.colcon_core.environment:create_environment_scripts_only(galletas_classifier)
[1.605s] INFO:colcon.colcon_core.shell:Creating package script '/home/camilo/Proyecto_ws/install/galletas_classifier/share/galletas_classifier/package.ps1'
[1.606s] INFO:colcon.colcon_core.shell:Creating package descriptor '/home/camilo/Proyecto_ws/install/galletas_classifier/share/galletas_classifier/package.dsv'
[1.607s] INFO:colcon.colcon_core.shell:Creating package script '/home/camilo/Proyecto_ws/install/galletas_classifier/share/galletas_classifier/package.sh'
[1.607s] INFO:colcon.colcon_core.shell:Creating package script '/home/camilo/Proyecto_ws/install/galletas_classifier/share/galletas_classifier/package.bash'
[1.608s] INFO:colcon.colcon_core.shell:Creating package script '/home/camilo/Proyecto_ws/install/galletas_classifier/share/galletas_classifier/package.zsh'
[1.609s] Level 1:colcon.colcon_core.environment:create_file_with_runtime_dependencies(/home/camilo/Proyecto_ws/install/galletas_classifier/share/colcon-core/packages/galletas_classifier)
[1.609s] DEBUG:colcon.colcon_parallel_executor.executor.parallel:closing loop
[1.609s] DEBUG:colcon.colcon_parallel_executor.executor.parallel:loop closed
[1.609s] DEBUG:colcon.colcon_parallel_executor.executor.parallel:run_until_complete finished with '0'
[1.609s] DEBUG:colcon.colcon_core.event_reactor:joining thread
[1.614s] INFO:colcon.colcon_core.plugin_system:Skipping extension 'colcon_notification.desktop_notification.terminal_notifier': Not used on non-Darwin systems
[1.615s] INFO:colcon.colcon_core.plugin_system:Skipping extension 'colcon_notification.desktop_notification.win32': Not used on non-Windows systems
[1.615s] INFO:colcon.colcon_notification.desktop_notification:Sending desktop notification using 'notify2'
[1.628s] DEBUG:colcon.colcon_core.event_reactor:joined thread
[1.628s] INFO:colcon.colcon_core.shell:Creating prefix script '/home/camilo/Proyecto_ws/install/local_setup.ps1'
[1.629s] INFO:colcon.colcon_core.shell:Creating prefix util module '/home/camilo/Proyecto_ws/install/_local_setup_util_ps1.py'
[1.630s] INFO:colcon.colcon_core.shell:Creating prefix chain script '/home/camilo/Proyecto_ws/install/setup.ps1'
[1.631s] INFO:colcon.colcon_core.shell:Creating prefix script '/home/camilo/Proyecto_ws/install/local_setup.sh'
[1.632s] INFO:colcon.colcon_core.shell:Creating prefix util module '/home/camilo/Proyecto_ws/install/_local_setup_util_sh.py'
[1.632s] INFO:colcon.colcon_core.shell:Creating prefix chain script '/home/camilo/Proyecto_ws/install/setup.sh'
[1.633s] INFO:colcon.colcon_core.shell:Creating prefix script '/home/camilo/Proyecto_ws/install/local_setup.bash'
[1.634s] INFO:colcon.colcon_core.shell:Creating prefix chain script '/home/camilo/Proyecto_ws/install/setup.bash'
[1.635s] INFO:colcon.colcon_core.shell:Creating prefix script '/home/camilo/Proyecto_ws/install/local_setup.zsh'
[1.636s] INFO:colcon.colcon_core.shell:Creating prefix chain script '/home/camilo/Proyecto_ws/install/setup.zsh'
