[0.447s] Invoking command in '/home/camilo/Proyecto_ws/src/galletas_classifier': PYTHONPATH=/home/camilo/Proyecto_ws/build/galletas_classifier/prefix_override:/home/camilo/Proyecto_ws/install/galletas_classifier/lib/python3.10/site-packages:${PYTHONPATH} /usr/bin/python3 -W ignore:setup.py install is deprecated setup.py egg_info --egg-base ../../build/galletas_classifier build --build-base /home/camilo/Proyecto_ws/build/galletas_classifier/build install --record /home/camilo/Proyecto_ws/build/galletas_classifier/install.log --single-version-externally-managed
[0.626s] running egg_info
[0.626s] writing ../../build/galletas_classifier/galletas_classifier.egg-info/PKG-INFO
[0.627s] writing dependency_links to ../../build/galletas_classifier/galletas_classifier.egg-info/dependency_links.txt
[0.627s] writing entry points to ../../build/galletas_classifier/galletas_classifier.egg-info/entry_points.txt
[0.627s] writing requirements to ../../build/galletas_classifier/galletas_classifier.egg-info/requires.txt
[0.627s] writing top-level names to ../../build/galletas_classifier/galletas_classifier.egg-info/top_level.txt
[0.629s] reading manifest file '../../build/galletas_classifier/galletas_classifier.egg-info/SOURCES.txt'
[0.629s] writing manifest file '../../build/galletas_classifier/galletas_classifier.egg-info/SOURCES.txt'
[0.629s] running build
[0.629s] running build_py
[0.629s] copying galletas_classifier/webcam_pub.py -> /home/camilo/Proyecto_ws/build/galletas_classifier/build/lib/galletas_classifier
[0.630s] running install
[0.630s] running install_lib
[0.631s] copying /home/camilo/Proyecto_ws/build/galletas_classifier/build/lib/galletas_classifier/webcam_pub.py -> /home/camilo/Proyecto_ws/install/galletas_classifier/lib/python3.10/site-packages/galletas_classifier
[0.631s] byte-compiling /home/camilo/Proyecto_ws/install/galletas_classifier/lib/python3.10/site-packages/galletas_classifier/webcam_pub.py to webcam_pub.cpython-310.pyc
[0.632s] running install_egg_info
[0.633s] removing '/home/camilo/Proyecto_ws/install/galletas_classifier/lib/python3.10/site-packages/galletas_classifier-0.0.0-py3.10.egg-info' (and everything under it)
[0.633s] Copying ../../build/galletas_classifier/galletas_classifier.egg-info to /home/camilo/Proyecto_ws/install/galletas_classifier/lib/python3.10/site-packages/galletas_classifier-0.0.0-py3.10.egg-info
[0.634s] running install_scripts
[0.649s] Installing classification_sub script to /home/camilo/Proyecto_ws/install/galletas_classifier/lib/galletas_classifier
[0.650s] Installing display_sub script to /home/camilo/Proyecto_ws/install/galletas_classifier/lib/galletas_classifier
[0.650s] Installing webcam_pub script to /home/camilo/Proyecto_ws/install/galletas_classifier/lib/galletas_classifier
[0.650s] writing list of installed files to '/home/camilo/Proyecto_ws/build/galletas_classifier/install.log'
[0.667s] Invoked command in '/home/camilo/Proyecto_ws/src/galletas_classifier' returned '0': PYTHONPATH=/home/camilo/Proyecto_ws/build/galletas_classifier/prefix_override:/home/camilo/Proyecto_ws/install/galletas_classifier/lib/python3.10/site-packages:${PYTHONPATH} /usr/bin/python3 -W ignore:setup.py install is deprecated setup.py egg_info --egg-base ../../build/galletas_classifier build --build-base /home/camilo/Proyecto_ws/build/galletas_classifier/build install --record /home/camilo/Proyecto_ws/build/galletas_classifier/install.log --single-version-externally-managed
