[0.511s] Invoking command in '/home/camilo/Proyecto_ws/src/galletas_classifier': PYTHONPATH=/home/camilo/Proyecto_ws/build/galletas_classifier/prefix_override:/home/camilo/Proyecto_ws/install/galletas_classifier/lib/python3.10/site-packages:${PYTHONPATH} /usr/bin/python3 -W ignore:setup.py install is deprecated setup.py egg_info --egg-base ../../build/galletas_classifier build --build-base /home/camilo/Proyecto_ws/build/galletas_classifier/build install --record /home/camilo/Proyecto_ws/build/galletas_classifier/install.log --single-version-externally-managed
[0.712s] running egg_info
[0.713s] writing ../../build/galletas_classifier/galletas_classifier.egg-info/PKG-INFO
[0.713s] writing dependency_links to ../../build/galletas_classifier/galletas_classifier.egg-info/dependency_links.txt
[0.713s] writing entry points to ../../build/galletas_classifier/galletas_classifier.egg-info/entry_points.txt
[0.713s] writing requirements to ../../build/galletas_classifier/galletas_classifier.egg-info/requires.txt
[0.713s] writing top-level names to ../../build/galletas_classifier/galletas_classifier.egg-info/top_level.txt
[0.715s] reading manifest file '../../build/galletas_classifier/galletas_classifier.egg-info/SOURCES.txt'
[0.716s] writing manifest file '../../build/galletas_classifier/galletas_classifier.egg-info/SOURCES.txt'
[0.716s] running build
[0.716s] running build_py
[0.716s] copying galletas_classifier/classification_sub.py -> /home/camilo/Proyecto_ws/build/galletas_classifier/build/lib/galletas_classifier
[0.717s] running install
[0.717s] running install_lib
[0.718s] copying /home/camilo/Proyecto_ws/build/galletas_classifier/build/lib/galletas_classifier/classification_sub.py -> /home/camilo/Proyecto_ws/install/galletas_classifier/lib/python3.10/site-packages/galletas_classifier
[0.718s] byte-compiling /home/camilo/Proyecto_ws/install/galletas_classifier/lib/python3.10/site-packages/galletas_classifier/classification_sub.py to classification_sub.cpython-310.pyc
[0.719s] running install_egg_info
[0.719s]   File "/home/camilo/Proyecto_ws/install/galletas_classifier/lib/python3.10/site-packages/galletas_classifier/classification_sub.py", line 22
[0.719s]     name = class
[0.719s]            ^^^^^
[0.719s] SyntaxError: invalid syntax
[0.719s] 
[0.720s] removing '/home/camilo/Proyecto_ws/install/galletas_classifier/lib/python3.10/site-packages/galletas_classifier-0.0.0-py3.10.egg-info' (and everything under it)
[0.720s] Copying ../../build/galletas_classifier/galletas_classifier.egg-info to /home/camilo/Proyecto_ws/install/galletas_classifier/lib/python3.10/site-packages/galletas_classifier-0.0.0-py3.10.egg-info
[0.721s] running install_scripts
[0.737s] Installing classification_sub script to /home/camilo/Proyecto_ws/install/galletas_classifier/lib/galletas_classifier
[0.737s] Installing display_sub script to /home/camilo/Proyecto_ws/install/galletas_classifier/lib/galletas_classifier
[0.737s] Installing webcam_pub script to /home/camilo/Proyecto_ws/install/galletas_classifier/lib/galletas_classifier
[0.737s] writing list of installed files to '/home/camilo/Proyecto_ws/build/galletas_classifier/install.log'
[0.758s] Invoked command in '/home/camilo/Proyecto_ws/src/galletas_classifier' returned '0': PYTHONPATH=/home/camilo/Proyecto_ws/build/galletas_classifier/prefix_override:/home/camilo/Proyecto_ws/install/galletas_classifier/lib/python3.10/site-packages:${PYTHONPATH} /usr/bin/python3 -W ignore:setup.py install is deprecated setup.py egg_info --egg-base ../../build/galletas_classifier build --build-base /home/camilo/Proyecto_ws/build/galletas_classifier/build install --record /home/camilo/Proyecto_ws/build/galletas_classifier/install.log --single-version-externally-managed
