[0.520s] Invoking command in '/home/camilo/Proyecto_ws/src/galletas_classifier': CONDA_PROMPT_MODIFIER=(base) PYTHONPATH=/home/camilo/Proyecto_ws/build/galletas_classifier/prefix_override:/home/camilo/Proyecto_ws/install/galletas_classifier/lib/python3.10/site-packages:${PYTHONPATH} /usr/bin/python3 -W ignore:setup.py install is deprecated setup.py egg_info --egg-base ../../build/galletas_classifier build --build-base /home/camilo/Proyecto_ws/build/galletas_classifier/build install --record /home/camilo/Proyecto_ws/build/galletas_classifier/install.log --single-version-externally-managed
[0.722s] running egg_info
[0.722s] writing ../../build/galletas_classifier/galletas_classifier.egg-info/PKG-INFO
[0.723s] writing dependency_links to ../../build/galletas_classifier/galletas_classifier.egg-info/dependency_links.txt
[0.723s] writing entry points to ../../build/galletas_classifier/galletas_classifier.egg-info/entry_points.txt
[0.723s] writing requirements to ../../build/galletas_classifier/galletas_classifier.egg-info/requires.txt
[0.723s] writing top-level names to ../../build/galletas_classifier/galletas_classifier.egg-info/top_level.txt
[0.724s] reading manifest file '../../build/galletas_classifier/galletas_classifier.egg-info/SOURCES.txt'
[0.725s] writing manifest file '../../build/galletas_classifier/galletas_classifier.egg-info/SOURCES.txt'
[0.725s] running build
[0.725s] running build_py
[0.725s] running install
[0.726s] running install_lib
[0.727s] running install_egg_info
[0.728s] removing '/home/camilo/Proyecto_ws/install/galletas_classifier/lib/python3.10/site-packages/galletas_classifier-0.0.0-py3.10.egg-info' (and everything under it)
[0.728s] Copying ../../build/galletas_classifier/galletas_classifier.egg-info to /home/camilo/Proyecto_ws/install/galletas_classifier/lib/python3.10/site-packages/galletas_classifier-0.0.0-py3.10.egg-info
[0.729s] running install_scripts
[0.746s] Installing classification_sub script to /home/camilo/Proyecto_ws/install/galletas_classifier/lib/galletas_classifier
[0.746s] Installing display_sub script to /home/camilo/Proyecto_ws/install/galletas_classifier/lib/galletas_classifier
[0.746s] Installing webcam_pub script to /home/camilo/Proyecto_ws/install/galletas_classifier/lib/galletas_classifier
[0.746s] writing list of installed files to '/home/camilo/Proyecto_ws/build/galletas_classifier/install.log'
[0.765s] Invoked command in '/home/camilo/Proyecto_ws/src/galletas_classifier' returned '0': CONDA_PROMPT_MODIFIER=(base) PYTHONPATH=/home/camilo/Proyecto_ws/build/galletas_classifier/prefix_override:/home/camilo/Proyecto_ws/install/galletas_classifier/lib/python3.10/site-packages:${PYTHONPATH} /usr/bin/python3 -W ignore:setup.py install is deprecated setup.py egg_info --egg-base ../../build/galletas_classifier build --build-base /home/camilo/Proyecto_ws/build/galletas_classifier/build install --record /home/camilo/Proyecto_ws/build/galletas_classifier/install.log --single-version-externally-managed
